2026-07-16 21:50:06.667 +02:00 [INF] CanvasArt API starting up
2026-07-16 21:50:06.741 +02:00 [DBG] Hosting starting
2026-07-16 21:50:06.791 +02:00 [INF] User profile is available. Using 'C:\Users\joker\AppData\Local\ASP.NET\DataProtection-Keys' as key repository and Windows DPAPI to encrypt keys at rest.
2026-07-16 21:50:07.074 +02:00 [INF] Now listening on: https://localhost:7153
2026-07-16 21:50:07.077 +02:00 [INF] Now listening on: http://localhost:5167
2026-07-16 21:50:07.134 +02:00 [INF] Application started. Press Ctrl+C to shut down.
2026-07-16 21:50:07.137 +02:00 [INF] Hosting environment: Development
2026-07-16 21:50:07.141 +02:00 [INF] Content root path: D:\CanvasArt project\WebApplication1\src\CanvasArt.API
2026-07-16 21:50:07.150 +02:00 [DBG] Hosting started
2026-07-16 21:50:07.438 +02:00 [INF] Request starting HTTP/2 GET https://localhost:7153/swagger/index.html - null null
2026-07-16 21:50:07.620 +02:00 [DBG] Response markup is scheduled to include Browser Link script injection.
2026-07-16 21:50:07.659 +02:00 [INF] HTTP GET /swagger/index.html responded 200 in 73.3522 ms
2026-07-16 21:50:07.664 +02:00 [DBG] Response markup was updated to include Browser Link script injection.
2026-07-16 21:50:07.671 +02:00 [INF] Request finished HTTP/2 GET https://localhost:7153/swagger/index.html - 200 null text/html;charset=utf-8 235.3629ms
2026-07-16 21:50:07.678 +02:00 [INF] Request starting HTTP/2 GET https://localhost:7153/_framework/aspnetcore-browser-refresh.js - null null
2026-07-16 21:50:07.679 +02:00 [INF] Request starting HTTP/2 GET https://localhost:7153/_vs/browserLink - null null
2026-07-16 21:50:07.695 +02:00 [INF] Request finished HTTP/2 GET https://localhost:7153/_framework/aspnetcore-browser-refresh.js - 200 14931 application/javascript; charset=utf-8 16.9395ms
2026-07-16 21:50:07.738 +02:00 [INF] Request finished HTTP/2 GET https://localhost:7153/_vs/browserLink - 200 null text/javascript; charset=UTF-8 60.1383ms
2026-07-16 21:50:07.773 +02:00 [INF] Request starting HTTP/2 GET https://localhost:7153/swagger/v1/swagger.json - null null
2026-07-16 21:50:07.804 +02:00 [INF] HTTP GET /swagger/v1/swagger.json responded 200 in 21.3637 ms
2026-07-16 21:50:07.811 +02:00 [INF] Request finished HTTP/2 GET https://localhost:7153/swagger/v1/swagger.json - 200 null application/json;charset=utf-8 38.3546ms
2026-07-16 21:50:13.628 +02:00 [INF] Request starting HTTP/2 GET https://localhost:7153/api/categories - null null
2026-07-16 21:50:13.629 +02:00 [INF] Request starting HTTP/2 GET https://localhost:7153/api/frames?page=1&pageSize=4&isActive=true - null null
2026-07-16 21:50:13.629 +02:00 [INF] Request starting HTTP/2 GET https://localhost:7153/api/paintings?isFeatured=true&pageSize=8&sortBy=createdAt&sortDir=desc - null null
2026-07-16 21:50:13.629 +02:00 [INF] Request starting HTTP/2 GET https://localhost:7153/api/slides - null null
2026-07-16 21:50:13.648 +02:00 [INF] CORS policy execution successful.
2026-07-16 21:50:13.648 +02:00 [INF] CORS policy execution successful.
2026-07-16 21:50:13.653 +02:00 [INF] CORS policy execution successful.
2026-07-16 21:50:13.656 +02:00 [INF] CORS policy execution successful.
2026-07-16 21:50:13.773 +02:00 [INF] Executing endpoint 'CanvasArt.API.Controllers.SlidesController.GetActive (CanvasArt.API)'
2026-07-16 21:50:13.773 +02:00 [INF] Executing endpoint 'CanvasArt.API.Controllers.FramesController.List (CanvasArt.API)'
2026-07-16 21:50:13.773 +02:00 [INF] Executing endpoint 'CanvasArt.API.Controllers.PaintingsController.List (CanvasArt.API)'
2026-07-16 21:50:13.773 +02:00 [INF] Executing endpoint 'CanvasArt.API.Controllers.CategoriesController.GetActive (CanvasArt.API)'
2026-07-16 21:50:13.829 +02:00 [INF] Route matched with {action = "List", controller = "Paintings"}. Executing controller action with signature System.Threading.Tasks.Task`1[Microsoft.AspNetCore.Mvc.IActionResult] List(CanvasArt.API.Models.DTOs.Paintings.PaintingQuery, System.Threading.CancellationToken) on controller CanvasArt.API.Controllers.PaintingsController (CanvasArt.API).
2026-07-16 21:50:13.829 +02:00 [INF] Route matched with {action = "GetActive", controller = "Slides"}. Executing controller action with signature System.Threading.Tasks.Task`1[Microsoft.AspNetCore.Mvc.IActionResult] GetActive(System.Threading.CancellationToken) on controller CanvasArt.API.Controllers.SlidesController (CanvasArt.API).
2026-07-16 21:50:13.829 +02:00 [INF] Route matched with {action = "List", controller = "Frames"}. Executing controller action with signature System.Threading.Tasks.Task`1[Microsoft.AspNetCore.Mvc.IActionResult] List(CanvasArt.API.Models.DTOs.Frames.FrameQuery, System.Threading.CancellationToken) on controller CanvasArt.API.Controllers.FramesController (CanvasArt.API).
2026-07-16 21:50:13.829 +02:00 [INF] Route matched with {action = "GetActive", controller = "Categories"}. Executing controller action with signature System.Threading.Tasks.Task`1[Microsoft.AspNetCore.Mvc.IActionResult] GetActive(System.Threading.CancellationToken) on controller CanvasArt.API.Controllers.CategoriesController (CanvasArt.API).
2026-07-16 21:50:14.057 +02:00 [WRN] You do not have a valid license key for the Lucky Penny software AutoMapper. This is allowed for development and testing scenarios. If you are running in production you are required to have a licensed version. Please visit https://luckypennysoftware.com to obtain a valid license.
2026-07-16 21:50:15.233 +02:00 [INF] Executing OkObjectResult, writing value of type 'CanvasArt.API.Models.Common.ApiResponse`1[[System.Collections.Generic.IReadOnlyList`1[[CanvasArt.API.Models.DTOs.Cms.SlideDto, CanvasArt.API, Version=1.0.0.0, Culture=neutral, PublicKeyToken=null]], System.Private.CoreLib, Version=8.0.0.0, Culture=neutral, PublicKeyToken=7cec85d7bea7798e]]'.
2026-07-16 21:50:15.258 +02:00 [INF] Executing OkObjectResult, writing value of type 'CanvasArt.API.Models.Common.ApiResponse`1[[CanvasArt.API.Models.Common.PagedResult`1[[CanvasArt.API.Models.DTOs.Paintings.PaintingListItemDto, CanvasArt.API, Version=1.0.0.0, Culture=neutral, PublicKeyToken=null]], CanvasArt.API, Version=1.0.0.0, Culture=neutral, PublicKeyToken=null]]'.
2026-07-16 21:50:15.270 +02:00 [INF] Executed action CanvasArt.API.Controllers.SlidesController.GetActive (CanvasArt.API) in 1427.2267ms
2026-07-16 21:50:15.274 +02:00 [INF] Executed endpoint 'CanvasArt.API.Controllers.SlidesController.GetActive (CanvasArt.API)'
2026-07-16 21:50:15.278 +02:00 [INF] HTTP GET /api/slides responded 200 in 1622.2789 ms
2026-07-16 21:50:15.282 +02:00 [INF] Request finished HTTP/2 GET https://localhost:7153/api/slides - 200 null application/json; charset=utf-8 1652.9628ms
2026-07-16 21:50:15.291 +02:00 [INF] Executed action CanvasArt.API.Controllers.PaintingsController.List (CanvasArt.API) in 1456.3766ms
2026-07-16 21:50:15.293 +02:00 [INF] Executed endpoint 'CanvasArt.API.Controllers.PaintingsController.List (CanvasArt.API)'
2026-07-16 21:50:15.295 +02:00 [INF] HTTP GET /api/paintings responded 200 in 1642.9364 ms
2026-07-16 21:50:15.299 +02:00 [INF] Request finished HTTP/2 GET https://localhost:7153/api/paintings?isFeatured=true&pageSize=8&sortBy=createdAt&sortDir=desc - 200 null application/json; charset=utf-8 1670.1236ms
2026-07-16 21:50:15.350 +02:00 [INF] Request starting HTTP/2 GET https://localhost:7153/media/paintings/1/20260715172137-53ee8e996a30441b80c18d338_thumb.jpg - null null
2026-07-16 21:50:15.361 +02:00 [INF] HTTP GET /media/paintings/1/20260715172137-53ee8e996a30441b80c18d338_thumb.jpg responded 404 in 4.8505 ms
2026-07-16 21:50:15.366 +02:00 [INF] Request finished HTTP/2 GET https://localhost:7153/media/paintings/1/20260715172137-53ee8e996a30441b80c18d338_thumb.jpg - 404 0 null 16.5049ms
2026-07-16 21:50:15.376 +02:00 [INF] Request reached the end of the middleware pipeline without being handled by application code. Request path: GET https://localhost:7153/media/paintings/1/20260715172137-53ee8e996a30441b80c18d338_thumb.jpg, Response status code: 404
2026-07-16 21:50:15.541 +02:00 [INF] Executing OkObjectResult, writing value of type 'CanvasArt.API.Models.Common.ApiResponse`1[[CanvasArt.API.Models.Common.PagedResult`1[[CanvasArt.API.Models.DTOs.Frames.FrameListItemDto, CanvasArt.API, Version=1.0.0.0, Culture=neutral, PublicKeyToken=null]], CanvasArt.API, Version=1.0.0.0, Culture=neutral, PublicKeyToken=null]]'.
2026-07-16 21:50:15.542 +02:00 [INF] Executing OkObjectResult, writing value of type 'CanvasArt.API.Models.Common.ApiResponse`1[[System.Collections.Generic.IReadOnlyList`1[[CanvasArt.API.Models.DTOs.Categories.CategoryDto, CanvasArt.API, Version=1.0.0.0, Culture=neutral, PublicKeyToken=null]], System.Private.CoreLib, Version=8.0.0.0, Culture=neutral, PublicKeyToken=7cec85d7bea7798e]]'.
2026-07-16 21:50:15.554 +02:00 [INF] Executed action CanvasArt.API.Controllers.FramesController.List (CanvasArt.API) in 1712.2842ms
2026-07-16 21:50:15.568 +02:00 [INF] Executed endpoint 'CanvasArt.API.Controllers.FramesController.List (CanvasArt.API)'
2026-07-16 21:50:15.570 +02:00 [INF] HTTP GET /api/frames responded 200 in 1924.6168 ms
2026-07-16 21:50:15.574 +02:00 [INF] Executed action CanvasArt.API.Controllers.CategoriesController.GetActive (CanvasArt.API) in 1728.408ms
2026-07-16 21:50:15.577 +02:00 [INF] Request finished HTTP/2 GET https://localhost:7153/api/frames?page=1&pageSize=4&isActive=true - 200 null application/json; charset=utf-8 1947.6644ms
2026-07-16 21:50:15.587 +02:00 [INF] Executed endpoint 'CanvasArt.API.Controllers.CategoriesController.GetActive (CanvasArt.API)'
2026-07-16 21:50:15.593 +02:00 [INF] HTTP GET /api/categories responded 200 in 1947.8757 ms
2026-07-16 21:50:15.598 +02:00 [INF] Request finished HTTP/2 GET https://localhost:7153/api/categories - 200 null application/json; charset=utf-8 1969.5148ms
2026-07-16 21:50:45.821 +02:00 [INF] Request starting HTTP/2 OPTIONS https://localhost:7153/api/auth/login - null null
2026-07-16 21:50:45.835 +02:00 [INF] CORS policy execution successful.
2026-07-16 21:50:45.839 +02:00 [INF] HTTP OPTIONS /api/auth/login responded 204 in 3.9112 ms
2026-07-16 21:50:45.845 +02:00 [INF] Request finished HTTP/2 OPTIONS https://localhost:7153/api/auth/login - 204 null null 24.363ms
2026-07-16 21:50:45.851 +02:00 [INF] Request starting HTTP/2 POST https://localhost:7153/api/auth/login - application/json 54
2026-07-16 21:50:45.862 +02:00 [INF] CORS policy execution successful.
2026-07-16 21:50:45.864 +02:00 [INF] Executing endpoint 'CanvasArt.API.Controllers.AuthController.Login (CanvasArt.API)'
2026-07-16 21:50:45.880 +02:00 [INF] Route matched with {action = "Login", controller = "Auth"}. Executing controller action with signature System.Threading.Tasks.Task`1[Microsoft.AspNetCore.Mvc.IActionResult] Login(CanvasArt.API.Models.DTOs.Auth.LoginRequest, System.Threading.CancellationToken) on controller CanvasArt.API.Controllers.AuthController (CanvasArt.API).
2026-07-16 21:50:47.021 +02:00 [INF] Executed action CanvasArt.API.Controllers.AuthController.Login (CanvasArt.API) in 1136.5808ms
2026-07-16 21:50:47.027 +02:00 [INF] Executed endpoint 'CanvasArt.API.Controllers.AuthController.Login (CanvasArt.API)'
2026-07-16 21:50:47.031 +02:00 [ERR] HTTP POST /api/auth/login responded 500 in 1168.8776 ms
CanvasArt.API.Models.Common.UnauthorizedException: Invalid email or password.
   at CanvasArt.API.Services.AuthService.LoginAsync(LoginRequest request, String ip, CancellationToken cancellationToken) in D:\CanvasArt project\WebApplication1\src\CanvasArt.API\Services\AuthService.cs:line 69
   at CanvasArt.API.Controllers.AuthController.Login(LoginRequest request, CancellationToken ct) in D:\CanvasArt project\WebApplication1\src\CanvasArt.API\Controllers\AuthController.cs:line 25
   at Microsoft.AspNetCore.Mvc.Infrastructure.ActionMethodExecutor.TaskOfIActionResultExecutor.Execute(ActionContext actionContext, IActionResultTypeMapper mapper, ObjectMethodExecutor executor, Object controller, Object[] arguments)
   at Microsoft.AspNetCore.Mvc.Infrastructure.ControllerActionInvoker.<InvokeActionMethodAsync>g__Awaited|12_0(ControllerActionInvoker invoker, ValueTask`1 actionResultValueTask)
   at Microsoft.AspNetCore.Mvc.Infrastructure.ControllerActionInvoker.<InvokeNextActionFilterAsync>g__Awaited|10_0(ControllerActionInvoker invoker, Task lastTask, State next, Scope scope, Object state, Boolean isCompleted)
   at Microsoft.AspNetCore.Mvc.Infrastructure.ControllerActionInvoker.Rethrow(ActionExecutedContextSealed context)
   at Microsoft.AspNetCore.Mvc.Infrastructure.ControllerActionInvoker.Next(State& next, Scope& scope, Object& state, Boolean& isCompleted)
   at Microsoft.AspNetCore.Mvc.Infrastructure.ControllerActionInvoker.<InvokeInnerFilterAsync>g__Awaited|13_0(ControllerActionInvoker invoker, Task lastTask, State next, Scope scope, Object state, Boolean isCompleted)
   at Microsoft.AspNetCore.Mvc.Infrastructure.ResourceInvoker.<InvokeFilterPipelineAsync>g__Awaited|20_0(ResourceInvoker invoker, Task lastTask, State next, Scope scope, Object state, Boolean isCompleted)
   at Microsoft.AspNetCore.Mvc.Infrastructure.ResourceInvoker.<InvokeAsync>g__Logged|17_1(ResourceInvoker invoker)
   at Microsoft.AspNetCore.Mvc.Infrastructure.ResourceInvoker.<InvokeAsync>g__Logged|17_1(ResourceInvoker invoker)
   at Microsoft.AspNetCore.Routing.EndpointMiddleware.<Invoke>g__AwaitRequestTask|7_0(Endpoint endpoint, Task requestTask, ILogger logger)
   at Microsoft.AspNetCore.Authorization.AuthorizationMiddleware.Invoke(HttpContext context)
   at Microsoft.AspNetCore.Authentication.AuthenticationMiddleware.Invoke(HttpContext context)
   at Swashbuckle.AspNetCore.SwaggerUI.SwaggerUIMiddleware.Invoke(HttpContext httpContext)
   at Swashbuckle.AspNetCore.Swagger.SwaggerMiddleware.Invoke(HttpContext httpContext, ISwaggerProvider swaggerProvider)
   at Serilog.AspNetCore.RequestLoggingMiddleware.Invoke(HttpContext httpContext)
2026-07-16 21:50:47.225 +02:00 [WRN] Handled application error: Invalid email or password.
CanvasArt.API.Models.Common.UnauthorizedException: Invalid email or password.
   at CanvasArt.API.Services.AuthService.LoginAsync(LoginRequest request, String ip, CancellationToken cancellationToken) in D:\CanvasArt project\WebApplication1\src\CanvasArt.API\Services\AuthService.cs:line 69
   at CanvasArt.API.Controllers.AuthController.Login(LoginRequest request, CancellationToken ct) in D:\CanvasArt project\WebApplication1\src\CanvasArt.API\Controllers\AuthController.cs:line 25
   at Microsoft.AspNetCore.Mvc.Infrastructure.ActionMethodExecutor.TaskOfIActionResultExecutor.Execute(ActionContext actionContext, IActionResultTypeMapper mapper, ObjectMethodExecutor executor, Object controller, Object[] arguments)
   at Microsoft.AspNetCore.Mvc.Infrastructure.ControllerActionInvoker.<InvokeActionMethodAsync>g__Awaited|12_0(ControllerActionInvoker invoker, ValueTask`1 actionResultValueTask)
   at Microsoft.AspNetCore.Mvc.Infrastructure.ControllerActionInvoker.<InvokeNextActionFilterAsync>g__Awaited|10_0(ControllerActionInvoker invoker, Task lastTask, State next, Scope scope, Object state, Boolean isCompleted)
   at Microsoft.AspNetCore.Mvc.Infrastructure.ControllerActionInvoker.Rethrow(ActionExecutedContextSealed context)
   at Microsoft.AspNetCore.Mvc.Infrastructure.ControllerActionInvoker.Next(State& next, Scope& scope, Object& state, Boolean& isCompleted)
   at Microsoft.AspNetCore.Mvc.Infrastructure.ControllerActionInvoker.<InvokeInnerFilterAsync>g__Awaited|13_0(ControllerActionInvoker invoker, Task lastTask, State next, Scope scope, Object state, Boolean isCompleted)
   at Microsoft.AspNetCore.Mvc.Infrastructure.ResourceInvoker.<InvokeFilterPipelineAsync>g__Awaited|20_0(ResourceInvoker invoker, Task lastTask, State next, Scope scope, Object state, Boolean isCompleted)
   at Microsoft.AspNetCore.Mvc.Infrastructure.ResourceInvoker.<InvokeAsync>g__Logged|17_1(ResourceInvoker invoker)
   at Microsoft.AspNetCore.Mvc.Infrastructure.ResourceInvoker.<InvokeAsync>g__Logged|17_1(ResourceInvoker invoker)
   at Microsoft.AspNetCore.Routing.EndpointMiddleware.<Invoke>g__AwaitRequestTask|7_0(Endpoint endpoint, Task requestTask, ILogger logger)
   at Microsoft.AspNetCore.Authorization.AuthorizationMiddleware.Invoke(HttpContext context)
   at Microsoft.AspNetCore.Authentication.AuthenticationMiddleware.Invoke(HttpContext context)
   at Swashbuckle.AspNetCore.SwaggerUI.SwaggerUIMiddleware.Invoke(HttpContext httpContext)
   at Swashbuckle.AspNetCore.Swagger.SwaggerMiddleware.Invoke(HttpContext httpContext, ISwaggerProvider swaggerProvider)
   at Serilog.AspNetCore.RequestLoggingMiddleware.Invoke(HttpContext httpContext)
   at CanvasArt.API.Middleware.GlobalExceptionMiddleware.InvokeAsync(HttpContext context) in D:\CanvasArt project\WebApplication1\src\CanvasArt.API\Middleware\GlobalExceptionMiddleware.cs:line 29
2026-07-16 21:50:47.246 +02:00 [INF] Request finished HTTP/2 POST https://localhost:7153/api/auth/login - 401 null application/json 1395.6579ms
2026-07-16 21:51:41.174 +02:00 [INF] Request starting HTTP/2 OPTIONS https://localhost:7153/api/auth/login - null null
2026-07-16 21:51:41.181 +02:00 [INF] CORS policy execution successful.
2026-07-16 21:51:41.183 +02:00 [INF] HTTP OPTIONS /api/auth/login responded 204 in 2.2353 ms
2026-07-16 21:51:41.187 +02:00 [INF] Request finished HTTP/2 OPTIONS https://localhost:7153/api/auth/login - 204 null null 14.5539ms
2026-07-16 21:51:41.195 +02:00 [INF] Request starting HTTP/2 POST https://localhost:7153/api/auth/login - application/json 61
2026-07-16 21:51:41.201 +02:00 [INF] CORS policy execution successful.
2026-07-16 21:51:41.205 +02:00 [INF] Executing endpoint 'CanvasArt.API.Controllers.AuthController.Login (CanvasArt.API)'
2026-07-16 21:51:41.209 +02:00 [INF] Route matched with {action = "Login", controller = "Auth"}. Executing controller action with signature System.Threading.Tasks.Task`1[Microsoft.AspNetCore.Mvc.IActionResult] Login(CanvasArt.API.Models.DTOs.Auth.LoginRequest, System.Threading.CancellationToken) on controller CanvasArt.API.Controllers.AuthController (CanvasArt.API).
2026-07-16 21:51:42.280 +02:00 [INF] Executing OkObjectResult, writing value of type 'CanvasArt.API.Models.Common.ApiResponse`1[[CanvasArt.API.Models.DTOs.Auth.AuthResponse, CanvasArt.API, Version=1.0.0.0, Culture=neutral, PublicKeyToken=null]]'.
2026-07-16 21:51:42.297 +02:00 [INF] Executed action CanvasArt.API.Controllers.AuthController.Login (CanvasArt.API) in 1082.9506ms
2026-07-16 21:51:42.301 +02:00 [INF] Executed endpoint 'CanvasArt.API.Controllers.AuthController.Login (CanvasArt.API)'
2026-07-16 21:51:42.306 +02:00 [INF] HTTP POST /api/auth/login responded 200 in 1104.9257 ms
2026-07-16 21:51:42.310 +02:00 [INF] Request finished HTTP/2 POST https://localhost:7153/api/auth/login - 200 null application/json; charset=utf-8 1115.5434ms
2026-07-16 21:51:42.537 +02:00 [INF] Request starting HTTP/2 OPTIONS https://localhost:7153/api/orders/stats - null null
2026-07-16 21:51:42.538 +02:00 [INF] Request starting HTTP/2 OPTIONS https://localhost:7153/api/orders?page=1&pageSize=8&sortBy=createdAt&sortDir=desc - null null
2026-07-16 21:51:42.543 +02:00 [INF] CORS policy execution successful.
2026-07-16 21:51:42.545 +02:00 [INF] CORS policy execution successful.
2026-07-16 21:51:42.546 +02:00 [INF] HTTP OPTIONS /api/orders/stats responded 204 in 3.2966 ms
2026-07-16 21:51:42.548 +02:00 [INF] HTTP OPTIONS /api/orders responded 204 in 2.5853 ms
2026-07-16 21:51:42.550 +02:00 [INF] Request finished HTTP/2 OPTIONS https://localhost:7153/api/orders/stats - 204 null null 13.3244ms
2026-07-16 21:51:42.561 +02:00 [INF] Request starting HTTP/2 GET https://localhost:7153/api/orders/stats - null null
2026-07-16 21:51:42.561 +02:00 [INF] Request starting HTTP/2 GET https://localhost:7153/api/orders?page=1&pageSize=8&sortBy=createdAt&sortDir=desc - null null
2026-07-16 21:51:42.552 +02:00 [INF] Request finished HTTP/2 OPTIONS https://localhost:7153/api/orders?page=1&pageSize=8&sortBy=createdAt&sortDir=desc - 204 null null 13.5325ms
2026-07-16 21:51:42.576 +02:00 [INF] CORS policy execution successful.
2026-07-16 21:51:42.577 +02:00 [INF] CORS policy execution successful.
2026-07-16 21:51:42.686 +02:00 [INF] Executing endpoint 'CanvasArt.API.Controllers.OrdersController.Stats (CanvasArt.API)'
2026-07-16 21:51:42.686 +02:00 [INF] Executing endpoint 'CanvasArt.API.Controllers.OrdersController.Query (CanvasArt.API)'
2026-07-16 21:51:42.699 +02:00 [INF] Route matched with {action = "Stats", controller = "Orders"}. Executing controller action with signature System.Threading.Tasks.Task`1[Microsoft.AspNetCore.Mvc.IActionResult] Stats(System.Threading.CancellationToken) on controller CanvasArt.API.Controllers.OrdersController (CanvasArt.API).
2026-07-16 21:51:42.717 +02:00 [INF] Route matched with {action = "Query", controller = "Orders"}. Executing controller action with signature System.Threading.Tasks.Task`1[Microsoft.AspNetCore.Mvc.IActionResult] Query(CanvasArt.API.Models.DTOs.Orders.OrderQuery, System.Threading.CancellationToken) on controller CanvasArt.API.Controllers.OrdersController (CanvasArt.API).
2026-07-16 21:51:42.896 +02:00 [INF] Executing OkObjectResult, writing value of type 'CanvasArt.API.Models.Common.ApiResponse`1[[CanvasArt.API.Models.Common.PagedResult`1[[CanvasArt.API.Models.DTOs.Orders.OrderListItemDto, CanvasArt.API, Version=1.0.0.0, Culture=neutral, PublicKeyToken=null]], CanvasArt.API, Version=1.0.0.0, Culture=neutral, PublicKeyToken=null]]'.
2026-07-16 21:51:42.896 +02:00 [INF] Executing OkObjectResult, writing value of type 'CanvasArt.API.Models.Common.ApiResponse`1[[CanvasArt.API.Repository.OrderStatsDto, CanvasArt.API, Version=1.0.0.0, Culture=neutral, PublicKeyToken=null]]'.
2026-07-16 21:51:42.919 +02:00 [INF] Executed action CanvasArt.API.Controllers.OrdersController.Stats (CanvasArt.API) in 209.0665ms
2026-07-16 21:51:42.925 +02:00 [INF] Executed endpoint 'CanvasArt.API.Controllers.OrdersController.Stats (CanvasArt.API)'
2026-07-16 21:51:42.927 +02:00 [INF] HTTP GET /api/orders/stats responded 200 in 351.5007 ms
2026-07-16 21:51:42.929 +02:00 [INF] Request finished HTTP/2 GET https://localhost:7153/api/orders/stats - 200 null application/json; charset=utf-8 368.0718ms
2026-07-16 21:51:42.931 +02:00 [INF] Executed action CanvasArt.API.Controllers.OrdersController.Query (CanvasArt.API) in 205.5518ms
2026-07-16 21:51:42.943 +02:00 [INF] Executed endpoint 'CanvasArt.API.Controllers.OrdersController.Query (CanvasArt.API)'
2026-07-16 21:51:42.945 +02:00 [INF] HTTP GET /api/orders responded 200 in 368.7058 ms
2026-07-16 21:51:42.949 +02:00 [INF] Request finished HTTP/2 GET https://localhost:7153/api/orders?page=1&pageSize=8&sortBy=createdAt&sortDir=desc - 200 null application/json; charset=utf-8 389.397ms
2026-07-16 21:51:48.146 +02:00 [INF] Request starting HTTP/2 OPTIONS https://localhost:7153/api/paintings/manage?page=1&pageSize=10 - null null
2026-07-16 21:51:48.147 +02:00 [INF] Request starting HTTP/2 OPTIONS https://localhost:7153/api/tags - null null
2026-07-16 21:51:48.146 +02:00 [INF] Request starting HTTP/2 OPTIONS https://localhost:7153/api/categories - null null
2026-07-16 21:51:48.146 +02:00 [INF] Request starting HTTP/2 OPTIONS https://localhost:7153/api/frames?page=1&pageSize=100 - null null
2026-07-16 21:51:48.188 +02:00 [INF] CORS policy execution successful.
2026-07-16 21:51:48.192 +02:00 [INF] CORS policy execution successful.
2026-07-16 21:51:48.199 +02:00 [INF] CORS policy execution successful.
2026-07-16 21:51:48.206 +02:00 [INF] CORS policy execution successful.
2026-07-16 21:51:48.212 +02:00 [INF] HTTP OPTIONS /api/frames responded 204 in 6.3271 ms
2026-07-16 21:51:48.216 +02:00 [INF] Request finished HTTP/2 OPTIONS https://localhost:7153/api/frames?page=1&pageSize=100 - 204 null null 69.8423ms
2026-07-16 21:51:48.211 +02:00 [INF] HTTP OPTIONS /api/categories responded 204 in 11.6816 ms
2026-07-16 21:51:48.209 +02:00 [INF] HTTP OPTIONS /api/tags responded 204 in 17.1754 ms
2026-07-16 21:51:48.208 +02:00 [INF] HTTP OPTIONS /api/paintings/manage responded 204 in 21.0195 ms
2026-07-16 21:51:48.229 +02:00 [INF] Request finished HTTP/2 OPTIONS https://localhost:7153/api/tags - 204 null null 81.9541ms
2026-07-16 21:51:48.233 +02:00 [INF] Request finished HTTP/2 OPTIONS https://localhost:7153/api/paintings/manage?page=1&pageSize=10 - 204 null null 88.1922ms
2026-07-16 21:51:48.226 +02:00 [INF] Request finished HTTP/2 OPTIONS https://localhost:7153/api/categories - 204 null null 80.7076ms
2026-07-16 21:51:48.249 +02:00 [INF] Request starting HTTP/2 GET https://localhost:7153/api/paintings/manage?page=1&pageSize=10 - null null
2026-07-16 21:51:48.232 +02:00 [INF] Request starting HTTP/2 GET https://localhost:7153/api/categories - null null
2026-07-16 21:51:48.266 +02:00 [INF] CORS policy execution successful.
2026-07-16 21:51:48.225 +02:00 [INF] Request starting HTTP/2 GET https://localhost:7153/api/frames?page=1&pageSize=100 - null null
2026-07-16 21:51:48.264 +02:00 [INF] CORS policy execution successful.
2026-07-16 21:51:48.234 +02:00 [INF] Request starting HTTP/2 GET https://localhost:7153/api/tags - null null
2026-07-16 21:51:48.275 +02:00 [INF] CORS policy execution successful.
2026-07-16 21:51:48.270 +02:00 [INF] CORS policy execution successful.
2026-07-16 21:51:48.270 +02:00 [INF] Executing endpoint 'CanvasArt.API.Controllers.CategoriesController.GetActive (CanvasArt.API)'
2026-07-16 21:51:48.276 +02:00 [INF] Executing endpoint 'CanvasArt.API.Controllers.PaintingsController.Query (CanvasArt.API)'
2026-07-16 21:51:48.277 +02:00 [INF] Executing endpoint 'CanvasArt.API.Controllers.TagsController.GetAll (CanvasArt.API)'
2026-07-16 21:51:48.278 +02:00 [INF] Executing endpoint 'CanvasArt.API.Controllers.FramesController.List (CanvasArt.API)'
2026-07-16 21:51:48.278 +02:00 [INF] Route matched with {action = "GetActive", controller = "Categories"}. Executing controller action with signature System.Threading.Tasks.Task`1[Microsoft.AspNetCore.Mvc.IActionResult] GetActive(System.Threading.CancellationToken) on controller CanvasArt.API.Controllers.CategoriesController (CanvasArt.API).
2026-07-16 21:51:48.287 +02:00 [INF] Route matched with {action = "List", controller = "Frames"}. Executing controller action with signature System.Threading.Tasks.Task`1[Microsoft.AspNetCore.Mvc.IActionResult] List(CanvasArt.API.Models.DTOs.Frames.FrameQuery, System.Threading.CancellationToken) on controller CanvasArt.API.Controllers.FramesController (CanvasArt.API).
2026-07-16 21:51:48.288 +02:00 [INF] Route matched with {action = "Query", controller = "Paintings"}. Executing controller action with signature System.Threading.Tasks.Task`1[Microsoft.AspNetCore.Mvc.IActionResult] Query(CanvasArt.API.Models.DTOs.Paintings.PaintingQuery, System.Threading.CancellationToken) on controller CanvasArt.API.Controllers.PaintingsController (CanvasArt.API).
2026-07-16 21:51:48.288 +02:00 [INF] Route matched with {action = "GetAll", controller = "Tags"}. Executing controller action with signature System.Threading.Tasks.Task`1[Microsoft.AspNetCore.Mvc.IActionResult] GetAll(System.Threading.CancellationToken) on controller CanvasArt.API.Controllers.TagsController (CanvasArt.API).
2026-07-16 21:51:48.372 +02:00 [INF] Executing OkObjectResult, writing value of type 'CanvasArt.API.Models.Common.ApiResponse`1[[System.Collections.Generic.IReadOnlyList`1[[CanvasArt.API.Models.DTOs.Categories.CategoryDto, CanvasArt.API, Version=1.0.0.0, Culture=neutral, PublicKeyToken=null]], System.Private.CoreLib, Version=8.0.0.0, Culture=neutral, PublicKeyToken=7cec85d7bea7798e]]'.
2026-07-16 21:51:48.373 +02:00 [INF] Executing OkObjectResult, writing value of type 'CanvasArt.API.Models.Common.ApiResponse`1[[CanvasArt.API.Models.Common.PagedResult`1[[CanvasArt.API.Models.DTOs.Frames.FrameListItemDto, CanvasArt.API, Version=1.0.0.0, Culture=neutral, PublicKeyToken=null]], CanvasArt.API, Version=1.0.0.0, Culture=neutral, PublicKeyToken=null]]'.
2026-07-16 21:51:48.377 +02:00 [INF] Executed action CanvasArt.API.Controllers.CategoriesController.GetActive (CanvasArt.API) in 87.1379ms
2026-07-16 21:51:48.389 +02:00 [INF] Executed action CanvasArt.API.Controllers.FramesController.List (CanvasArt.API) in 93.8597ms
2026-07-16 21:51:48.392 +02:00 [INF] Executed endpoint 'CanvasArt.API.Controllers.CategoriesController.GetActive (CanvasArt.API)'
2026-07-16 21:51:48.396 +02:00 [INF] Executed endpoint 'CanvasArt.API.Controllers.FramesController.List (CanvasArt.API)'
2026-07-16 21:51:48.398 +02:00 [INF] HTTP GET /api/categories responded 200 in 132.1268 ms
2026-07-16 21:51:48.401 +02:00 [INF] HTTP GET /api/frames responded 200 in 130.4884 ms
2026-07-16 21:51:48.406 +02:00 [INF] Request finished HTTP/2 GET https://localhost:7153/api/categories - 200 null application/json; charset=utf-8 174.2205ms
2026-07-16 21:51:48.410 +02:00 [INF] Request finished HTTP/2 GET https://localhost:7153/api/frames?page=1&pageSize=100 - 200 null application/json; charset=utf-8 185.3026ms
2026-07-16 21:51:48.463 +02:00 [INF] Executing OkObjectResult, writing value of type 'CanvasArt.API.Models.Common.ApiResponse`1[[CanvasArt.API.Models.Common.PagedResult`1[[CanvasArt.API.Models.DTOs.Paintings.PaintingListItemDto, CanvasArt.API, Version=1.0.0.0, Culture=neutral, PublicKeyToken=null]], CanvasArt.API, Version=1.0.0.0, Culture=neutral, PublicKeyToken=null]]'.
2026-07-16 21:51:48.469 +02:00 [INF] Executed action CanvasArt.API.Controllers.PaintingsController.Query (CanvasArt.API) in 171.6507ms
2026-07-16 21:51:48.472 +02:00 [INF] Executed endpoint 'CanvasArt.API.Controllers.PaintingsController.Query (CanvasArt.API)'
2026-07-16 21:51:48.475 +02:00 [INF] HTTP GET /api/paintings/manage responded 200 in 211.2876 ms
2026-07-16 21:51:48.479 +02:00 [INF] Request finished HTTP/2 GET https://localhost:7153/api/paintings/manage?page=1&pageSize=10 - 200 null application/json; charset=utf-8 230.1546ms
2026-07-16 21:51:49.043 +02:00 [INF] Executing OkObjectResult, writing value of type 'CanvasArt.API.Models.Common.ApiResponse`1[[System.Collections.Generic.IReadOnlyList`1[[CanvasArt.API.Models.DTOs.Tags.TagDto, CanvasArt.API, Version=1.0.0.0, Culture=neutral, PublicKeyToken=null]], System.Private.CoreLib, Version=8.0.0.0, Culture=neutral, PublicKeyToken=7cec85d7bea7798e]]'.
2026-07-16 21:51:49.050 +02:00 [INF] Executed action CanvasArt.API.Controllers.TagsController.GetAll (CanvasArt.API) in 746.2086ms
2026-07-16 21:51:49.052 +02:00 [INF] Executed endpoint 'CanvasArt.API.Controllers.TagsController.GetAll (CanvasArt.API)'
2026-07-16 21:51:49.055 +02:00 [INF] HTTP GET /api/tags responded 200 in 780.1193 ms
2026-07-16 21:51:49.058 +02:00 [INF] Request finished HTTP/2 GET https://localhost:7153/api/tags - 200 null application/json; charset=utf-8 824.8068ms
2026-07-16 21:51:50.748 +02:00 [INF] Request starting HTTP/2 OPTIONS https://localhost:7153/api/paintings/manage/1 - null null
2026-07-16 21:51:50.754 +02:00 [INF] CORS policy execution successful.
2026-07-16 21:51:50.757 +02:00 [INF] HTTP OPTIONS /api/paintings/manage/1 responded 204 in 2.3956 ms
2026-07-16 21:51:50.767 +02:00 [INF] Request finished HTTP/2 OPTIONS https://localhost:7153/api/paintings/manage/1 - 204 null null 19.2172ms
2026-07-16 21:51:50.772 +02:00 [INF] Request starting HTTP/2 GET https://localhost:7153/api/paintings/manage/1 - null null
2026-07-16 21:51:50.782 +02:00 [INF] CORS policy execution successful.
2026-07-16 21:51:50.784 +02:00 [INF] Executing endpoint 'CanvasArt.API.Controllers.PaintingsController.GetById (CanvasArt.API)'
2026-07-16 21:51:50.794 +02:00 [INF] Route matched with {action = "GetById", controller = "Paintings"}. Executing controller action with signature System.Threading.Tasks.Task`1[Microsoft.AspNetCore.Mvc.IActionResult] GetById(Int32, System.Threading.CancellationToken) on controller CanvasArt.API.Controllers.PaintingsController (CanvasArt.API).
2026-07-16 21:51:51.093 +02:00 [INF] Executing OkObjectResult, writing value of type 'CanvasArt.API.Models.Common.ApiResponse`1[[CanvasArt.API.Models.DTOs.Paintings.PaintingDetailDto, CanvasArt.API, Version=1.0.0.0, Culture=neutral, PublicKeyToken=null]]'.
2026-07-16 21:51:51.120 +02:00 [INF] Executed action CanvasArt.API.Controllers.PaintingsController.GetById (CanvasArt.API) in 321.062ms
2026-07-16 21:51:51.124 +02:00 [INF] Executed endpoint 'CanvasArt.API.Controllers.PaintingsController.GetById (CanvasArt.API)'
2026-07-16 21:51:51.126 +02:00 [INF] HTTP GET /api/paintings/manage/1 responded 200 in 343.9340 ms
2026-07-16 21:51:51.128 +02:00 [INF] Request finished HTTP/2 GET https://localhost:7153/api/paintings/manage/1 - 200 null application/json; charset=utf-8 356.2081ms
2026-07-16 21:51:57.463 +02:00 [INF] Request starting HTTP/2 OPTIONS https://localhost:7153/api/paintings/1 - null null
2026-07-16 21:51:57.469 +02:00 [INF] CORS policy execution successful.
2026-07-16 21:51:57.471 +02:00 [INF] HTTP OPTIONS /api/paintings/1 responded 204 in 2.2869 ms
2026-07-16 21:51:57.476 +02:00 [INF] Request finished HTTP/2 OPTIONS https://localhost:7153/api/paintings/1 - 204 null null 12.9998ms
2026-07-16 21:51:57.479 +02:00 [INF] Request starting HTTP/2 PUT https://localhost:7153/api/paintings/1 - application/json 420
2026-07-16 21:51:57.487 +02:00 [INF] CORS policy execution successful.
2026-07-16 21:51:57.489 +02:00 [INF] Executing endpoint 'CanvasArt.API.Controllers.PaintingsController.Update (CanvasArt.API)'
2026-07-16 21:51:57.497 +02:00 [INF] Route matched with {action = "Update", controller = "Paintings"}. Executing controller action with signature System.Threading.Tasks.Task`1[Microsoft.AspNetCore.Mvc.IActionResult] Update(Int32, CanvasArt.API.Models.DTOs.Paintings.UpdatePaintingRequest, System.Threading.CancellationToken) on controller CanvasArt.API.Controllers.PaintingsController (CanvasArt.API).
2026-07-16 21:52:00.090 +02:00 [INF] Executing OkObjectResult, writing value of type 'CanvasArt.API.Models.Common.ApiResponse`1[[CanvasArt.API.Models.DTOs.Paintings.PaintingDetailDto, CanvasArt.API, Version=1.0.0.0, Culture=neutral, PublicKeyToken=null]]'.
2026-07-16 21:52:00.097 +02:00 [INF] Executed action CanvasArt.API.Controllers.PaintingsController.Update (CanvasArt.API) in 2597.1252ms
2026-07-16 21:52:00.106 +02:00 [INF] Executed endpoint 'CanvasArt.API.Controllers.PaintingsController.Update (CanvasArt.API)'
2026-07-16 21:52:00.108 +02:00 [INF] HTTP PUT /api/paintings/1 responded 200 in 2620.9387 ms
2026-07-16 21:52:00.111 +02:00 [INF] Request finished HTTP/2 PUT https://localhost:7153/api/paintings/1 - 200 null application/json; charset=utf-8 2632.7434ms
2026-07-16 21:52:00.121 +02:00 [INF] Request starting HTTP/2 OPTIONS https://localhost:7153/api/paintings/manage?page=1&pageSize=10 - null null
2026-07-16 21:52:00.127 +02:00 [INF] CORS policy execution successful.
2026-07-16 21:52:00.129 +02:00 [INF] HTTP OPTIONS /api/paintings/manage responded 204 in 2.1550 ms
2026-07-16 21:52:00.132 +02:00 [INF] Request finished HTTP/2 OPTIONS https://localhost:7153/api/paintings/manage?page=1&pageSize=10 - 204 null null 10.8952ms
2026-07-16 21:52:00.136 +02:00 [INF] Request starting HTTP/2 GET https://localhost:7153/api/paintings/manage?page=1&pageSize=10 - null null
2026-07-16 21:52:00.142 +02:00 [INF] CORS policy execution successful.
2026-07-16 21:52:00.144 +02:00 [INF] Executing endpoint 'CanvasArt.API.Controllers.PaintingsController.Query (CanvasArt.API)'
2026-07-16 21:52:00.147 +02:00 [INF] Route matched with {action = "Query", controller = "Paintings"}. Executing controller action with signature System.Threading.Tasks.Task`1[Microsoft.AspNetCore.Mvc.IActionResult] Query(CanvasArt.API.Models.DTOs.Paintings.PaintingQuery, System.Threading.CancellationToken) on controller CanvasArt.API.Controllers.PaintingsController (CanvasArt.API).
2026-07-16 21:52:00.399 +02:00 [INF] Executing OkObjectResult, writing value of type 'CanvasArt.API.Models.Common.ApiResponse`1[[CanvasArt.API.Models.Common.PagedResult`1[[CanvasArt.API.Models.DTOs.Paintings.PaintingListItemDto, CanvasArt.API, Version=1.0.0.0, Culture=neutral, PublicKeyToken=null]], CanvasArt.API, Version=1.0.0.0, Culture=neutral, PublicKeyToken=null]]'.
2026-07-16 21:52:00.404 +02:00 [INF] Executed action CanvasArt.API.Controllers.PaintingsController.Query (CanvasArt.API) in 253.0304ms
2026-07-16 21:52:00.407 +02:00 [INF] Executed endpoint 'CanvasArt.API.Controllers.PaintingsController.Query (CanvasArt.API)'
2026-07-16 21:52:00.409 +02:00 [INF] HTTP GET /api/paintings/manage responded 200 in 267.5322 ms
2026-07-16 21:52:00.417 +02:00 [INF] Request finished HTTP/2 GET https://localhost:7153/api/paintings/manage?page=1&pageSize=10 - 200 null application/json; charset=utf-8 280.8756ms
2026-07-16 21:52:00.438 +02:00 [INF] Request starting HTTP/2 OPTIONS https://localhost:7153/api/paintings/1/images - null null
2026-07-16 21:52:00.447 +02:00 [INF] CORS policy execution successful.
2026-07-16 21:52:00.449 +02:00 [INF] HTTP OPTIONS /api/paintings/1/images responded 204 in 2.2231 ms
2026-07-16 21:52:00.453 +02:00 [INF] Request finished HTTP/2 OPTIONS https://localhost:7153/api/paintings/1/images - 204 null null 15.3286ms
2026-07-16 21:52:00.459 +02:00 [INF] Request starting HTTP/2 POST https://localhost:7153/api/paintings/1/images - multipart/form-data; boundary=----WebKitFormBoundaryUpWAdzEHXLBoRgdi 4657435
2026-07-16 21:52:00.478 +02:00 [INF] CORS policy execution successful.
2026-07-16 21:52:00.481 +02:00 [INF] Executing endpoint 'CanvasArt.API.Controllers.PaintingsController.UploadImage (CanvasArt.API)'
2026-07-16 21:52:00.490 +02:00 [INF] Route matched with {action = "UploadImage", controller = "Paintings"}. Executing controller action with signature System.Threading.Tasks.Task`1[Microsoft.AspNetCore.Mvc.IActionResult] UploadImage(Int32, Microsoft.AspNetCore.Http.IFormFile, System.Threading.CancellationToken) on controller CanvasArt.API.Controllers.PaintingsController (CanvasArt.API).
2026-07-16 21:52:04.996 +02:00 [INF] Executing ObjectResult, writing value of type 'CanvasArt.API.Models.Common.ApiResponse`1[[CanvasArt.API.Models.DTOs.Paintings.PaintingImageDto, CanvasArt.API, Version=1.0.0.0, Culture=neutral, PublicKeyToken=null]]'.
2026-07-16 21:52:05.006 +02:00 [INF] Executed action CanvasArt.API.Controllers.PaintingsController.UploadImage (CanvasArt.API) in 4511.7754ms
2026-07-16 21:52:05.009 +02:00 [INF] Executed endpoint 'CanvasArt.API.Controllers.PaintingsController.UploadImage (CanvasArt.API)'
2026-07-16 21:52:05.010 +02:00 [INF] HTTP POST /api/paintings/1/images responded 201 in 4533.0830 ms
2026-07-16 21:52:05.024 +02:00 [INF] Request starting HTTP/2 GET https://localhost:7153/api/paintings/manage?page=1&pageSize=10 - null null
2026-07-16 21:52:05.030 +02:00 [INF] CORS policy execution successful.
2026-07-16 21:52:05.032 +02:00 [INF] Executing endpoint 'CanvasArt.API.Controllers.PaintingsController.Query (CanvasArt.API)'
2026-07-16 21:52:05.037 +02:00 [INF] Request finished HTTP/2 POST https://localhost:7153/api/paintings/1/images - 201 null application/json; charset=utf-8 4578.7313ms
2026-07-16 21:52:05.037 +02:00 [INF] Route matched with {action = "Query", controller = "Paintings"}. Executing controller action with signature System.Threading.Tasks.Task`1[Microsoft.AspNetCore.Mvc.IActionResult] Query(CanvasArt.API.Models.DTOs.Paintings.PaintingQuery, System.Threading.CancellationToken) on controller CanvasArt.API.Controllers.PaintingsController (CanvasArt.API).
2026-07-16 21:52:05.311 +02:00 [INF] Executing OkObjectResult, writing value of type 'CanvasArt.API.Models.Common.ApiResponse`1[[CanvasArt.API.Models.Common.PagedResult`1[[CanvasArt.API.Models.DTOs.Paintings.PaintingListItemDto, CanvasArt.API, Version=1.0.0.0, Culture=neutral, PublicKeyToken=null]], CanvasArt.API, Version=1.0.0.0, Culture=neutral, PublicKeyToken=null]]'.
2026-07-16 21:52:05.315 +02:00 [INF] Executed action CanvasArt.API.Controllers.PaintingsController.Query (CanvasArt.API) in 266.7995ms
2026-07-16 21:52:05.317 +02:00 [INF] Executed endpoint 'CanvasArt.API.Controllers.PaintingsController.Query (CanvasArt.API)'
2026-07-16 21:52:05.319 +02:00 [INF] HTTP GET /api/paintings/manage responded 200 in 289.5965 ms
2026-07-16 21:52:05.324 +02:00 [INF] Request finished HTTP/2 GET https://localhost:7153/api/paintings/manage?page=1&pageSize=10 - 200 null application/json; charset=utf-8 299.6241ms
2026-07-16 21:52:34.380 +02:00 [INF] Request starting HTTP/2 OPTIONS https://localhost:7153/api/settings?group=Homepage - null null
2026-07-16 21:52:34.389 +02:00 [INF] CORS policy execution successful.
2026-07-16 21:52:34.390 +02:00 [INF] HTTP OPTIONS /api/settings responded 204 in 1.6514 ms
2026-07-16 21:52:34.394 +02:00 [INF] Request finished HTTP/2 OPTIONS https://localhost:7153/api/settings?group=Homepage - 204 null null 14.785ms
2026-07-16 21:52:34.398 +02:00 [INF] Request starting HTTP/2 GET https://localhost:7153/api/settings?group=Homepage - null null
2026-07-16 21:52:34.404 +02:00 [INF] CORS policy execution successful.
2026-07-16 21:52:34.406 +02:00 [INF] Executing endpoint 'CanvasArt.API.Controllers.SettingsController.Get (CanvasArt.API)'
2026-07-16 21:52:34.415 +02:00 [INF] Route matched with {action = "Get", controller = "Settings"}. Executing controller action with signature System.Threading.Tasks.Task`1[Microsoft.AspNetCore.Mvc.IActionResult] Get(System.String, System.Threading.CancellationToken) on controller CanvasArt.API.Controllers.SettingsController (CanvasArt.API).
2026-07-16 21:52:34.506 +02:00 [INF] Executing OkObjectResult, writing value of type 'CanvasArt.API.Models.Common.ApiResponse`1[[System.Collections.Generic.IReadOnlyList`1[[CanvasArt.API.Models.DTOs.Cms.SettingDto, CanvasArt.API, Version=1.0.0.0, Culture=neutral, PublicKeyToken=null]], System.Private.CoreLib, Version=8.0.0.0, Culture=neutral, PublicKeyToken=7cec85d7bea7798e]]'.
2026-07-16 21:52:34.513 +02:00 [INF] Executed action CanvasArt.API.Controllers.SettingsController.Get (CanvasArt.API) in 93.2677ms
2026-07-16 21:52:34.518 +02:00 [INF] Executed endpoint 'CanvasArt.API.Controllers.SettingsController.Get (CanvasArt.API)'
2026-07-16 21:52:34.521 +02:00 [INF] HTTP GET /api/settings responded 200 in 117.4808 ms
2026-07-16 21:52:34.525 +02:00 [INF] Request finished HTTP/2 GET https://localhost:7153/api/settings?group=Homepage - 200 null application/json; charset=utf-8 126.5247ms
2026-07-16 21:52:51.161 +02:00 [INF] Request starting HTTP/2 OPTIONS https://localhost:7153/api/paintings/manage/1 - null null
2026-07-16 21:52:51.168 +02:00 [INF] CORS policy execution successful.
2026-07-16 21:52:51.169 +02:00 [INF] HTTP OPTIONS /api/paintings/manage/1 responded 204 in 2.0366 ms
2026-07-16 21:52:51.181 +02:00 [INF] Request finished HTTP/2 OPTIONS https://localhost:7153/api/paintings/manage/1 - 204 null null 20.3359ms
2026-07-16 21:52:51.188 +02:00 [INF] Request starting HTTP/2 GET https://localhost:7153/api/paintings/manage/1 - null null
2026-07-16 21:52:51.202 +02:00 [INF] CORS policy execution successful.
2026-07-16 21:52:51.205 +02:00 [INF] Executing endpoint 'CanvasArt.API.Controllers.PaintingsController.GetById (CanvasArt.API)'
2026-07-16 21:52:51.206 +02:00 [INF] Route matched with {action = "GetById", controller = "Paintings"}. Executing controller action with signature System.Threading.Tasks.Task`1[Microsoft.AspNetCore.Mvc.IActionResult] GetById(Int32, System.Threading.CancellationToken) on controller CanvasArt.API.Controllers.PaintingsController (CanvasArt.API).
2026-07-16 21:52:51.350 +02:00 [INF] Executing OkObjectResult, writing value of type 'CanvasArt.API.Models.Common.ApiResponse`1[[CanvasArt.API.Models.DTOs.Paintings.PaintingDetailDto, CanvasArt.API, Version=1.0.0.0, Culture=neutral, PublicKeyToken=null]]'.
2026-07-16 21:52:51.360 +02:00 [INF] Executed action CanvasArt.API.Controllers.PaintingsController.GetById (CanvasArt.API) in 151.4212ms
2026-07-16 21:52:51.364 +02:00 [INF] Executed endpoint 'CanvasArt.API.Controllers.PaintingsController.GetById (CanvasArt.API)'
2026-07-16 21:52:51.368 +02:00 [INF] HTTP GET /api/paintings/manage/1 responded 200 in 166.0490 ms
2026-07-16 21:52:51.373 +02:00 [INF] Request finished HTTP/2 GET https://localhost:7153/api/paintings/manage/1 - 200 null application/json; charset=utf-8 185.6943ms
2026-07-16 21:53:03.294 +02:00 [INF] Request starting HTTP/2 OPTIONS https://localhost:7153/api/paintings/1 - null null
2026-07-16 21:53:03.305 +02:00 [INF] CORS policy execution successful.
2026-07-16 21:53:03.310 +02:00 [INF] HTTP OPTIONS /api/paintings/1 responded 204 in 5.5656 ms
2026-07-16 21:53:03.317 +02:00 [INF] Request finished HTTP/2 OPTIONS https://localhost:7153/api/paintings/1 - 204 null null 23.9017ms
2026-07-16 21:53:03.321 +02:00 [INF] Request starting HTTP/2 PUT https://localhost:7153/api/paintings/1 - application/json 421
2026-07-16 21:53:03.345 +02:00 [INF] CORS policy execution successful.
2026-07-16 21:53:03.351 +02:00 [INF] Executing endpoint 'CanvasArt.API.Controllers.PaintingsController.Update (CanvasArt.API)'
2026-07-16 21:53:03.357 +02:00 [INF] Route matched with {action = "Update", controller = "Paintings"}. Executing controller action with signature System.Threading.Tasks.Task`1[Microsoft.AspNetCore.Mvc.IActionResult] Update(Int32, CanvasArt.API.Models.DTOs.Paintings.UpdatePaintingRequest, System.Threading.CancellationToken) on controller CanvasArt.API.Controllers.PaintingsController (CanvasArt.API).
2026-07-16 21:53:05.080 +02:00 [INF] Executing OkObjectResult, writing value of type 'CanvasArt.API.Models.Common.ApiResponse`1[[CanvasArt.API.Models.DTOs.Paintings.PaintingDetailDto, CanvasArt.API, Version=1.0.0.0, Culture=neutral, PublicKeyToken=null]]'.
2026-07-16 21:53:05.087 +02:00 [INF] Executed action CanvasArt.API.Controllers.PaintingsController.Update (CanvasArt.API) in 1719.1992ms
2026-07-16 21:53:05.092 +02:00 [INF] Executed endpoint 'CanvasArt.API.Controllers.PaintingsController.Update (CanvasArt.API)'
2026-07-16 21:53:05.095 +02:00 [INF] HTTP PUT /api/paintings/1 responded 200 in 1750.2108 ms
2026-07-16 21:53:05.100 +02:00 [INF] Request finished HTTP/2 PUT https://localhost:7153/api/paintings/1 - 200 null application/json; charset=utf-8 1779.3358ms
2026-07-16 21:53:05.113 +02:00 [INF] Request starting HTTP/2 OPTIONS https://localhost:7153/api/paintings/manage?page=1&pageSize=10 - null null
2026-07-16 21:53:05.120 +02:00 [INF] CORS policy execution successful.
2026-07-16 21:53:05.122 +02:00 [INF] HTTP OPTIONS /api/paintings/manage responded 204 in 2.4147 ms
2026-07-16 21:53:05.125 +02:00 [INF] Request finished HTTP/2 OPTIONS https://localhost:7153/api/paintings/manage?page=1&pageSize=10 - 204 null null 14.388ms
2026-07-16 21:53:05.129 +02:00 [INF] Request starting HTTP/2 GET https://localhost:7153/api/paintings/manage?page=1&pageSize=10 - null null
2026-07-16 21:53:05.134 +02:00 [INF] CORS policy execution successful.
2026-07-16 21:53:05.136 +02:00 [INF] Executing endpoint 'CanvasArt.API.Controllers.PaintingsController.Query (CanvasArt.API)'
2026-07-16 21:53:05.137 +02:00 [INF] Route matched with {action = "Query", controller = "Paintings"}. Executing controller action with signature System.Threading.Tasks.Task`1[Microsoft.AspNetCore.Mvc.IActionResult] Query(CanvasArt.API.Models.DTOs.Paintings.PaintingQuery, System.Threading.CancellationToken) on controller CanvasArt.API.Controllers.PaintingsController (CanvasArt.API).
2026-07-16 21:53:05.319 +02:00 [INF] Executing OkObjectResult, writing value of type 'CanvasArt.API.Models.Common.ApiResponse`1[[CanvasArt.API.Models.Common.PagedResult`1[[CanvasArt.API.Models.DTOs.Paintings.PaintingListItemDto, CanvasArt.API, Version=1.0.0.0, Culture=neutral, PublicKeyToken=null]], CanvasArt.API, Version=1.0.0.0, Culture=neutral, PublicKeyToken=null]]'.
2026-07-16 21:53:05.324 +02:00 [INF] Executed action CanvasArt.API.Controllers.PaintingsController.Query (CanvasArt.API) in 184.6307ms
2026-07-16 21:53:05.329 +02:00 [INF] Executed endpoint 'CanvasArt.API.Controllers.PaintingsController.Query (CanvasArt.API)'
2026-07-16 21:53:05.331 +02:00 [INF] HTTP GET /api/paintings/manage responded 200 in 197.3023 ms
2026-07-16 21:53:05.336 +02:00 [INF] Request finished HTTP/2 GET https://localhost:7153/api/paintings/manage?page=1&pageSize=10 - 200 null application/json; charset=utf-8 207.2698ms
2026-07-16 21:53:05.345 +02:00 [INF] Request starting HTTP/2 OPTIONS https://localhost:7153/api/paintings/1/images - null null
2026-07-16 21:53:05.350 +02:00 [INF] CORS policy execution successful.
2026-07-16 21:53:05.351 +02:00 [INF] HTTP OPTIONS /api/paintings/1/images responded 204 in 1.5170 ms
2026-07-16 21:53:05.353 +02:00 [INF] Request finished HTTP/2 OPTIONS https://localhost:7153/api/paintings/1/images - 204 null null 8.4979ms
2026-07-16 21:53:05.361 +02:00 [INF] Request starting HTTP/2 POST https://localhost:7153/api/paintings/1/images - multipart/form-data; boundary=----WebKitFormBoundary0msSAurZLB2v1lwV 4657435
2026-07-16 21:53:05.402 +02:00 [INF] CORS policy execution successful.
2026-07-16 21:53:05.419 +02:00 [INF] Executing endpoint 'CanvasArt.API.Controllers.PaintingsController.UploadImage (CanvasArt.API)'
2026-07-16 21:53:05.422 +02:00 [INF] Route matched with {action = "UploadImage", controller = "Paintings"}. Executing controller action with signature System.Threading.Tasks.Task`1[Microsoft.AspNetCore.Mvc.IActionResult] UploadImage(Int32, Microsoft.AspNetCore.Http.IFormFile, System.Threading.CancellationToken) on controller CanvasArt.API.Controllers.PaintingsController (CanvasArt.API).
2026-07-16 21:53:07.636 +02:00 [INF] Executing ObjectResult, writing value of type 'CanvasArt.API.Models.Common.ApiResponse`1[[CanvasArt.API.Models.DTOs.Paintings.PaintingImageDto, CanvasArt.API, Version=1.0.0.0, Culture=neutral, PublicKeyToken=null]]'.
2026-07-16 21:53:07.639 +02:00 [INF] Executed action CanvasArt.API.Controllers.PaintingsController.UploadImage (CanvasArt.API) in 2213.5112ms
2026-07-16 21:53:07.644 +02:00 [INF] Executed endpoint 'CanvasArt.API.Controllers.PaintingsController.UploadImage (CanvasArt.API)'
2026-07-16 21:53:07.647 +02:00 [INF] HTTP POST /api/paintings/1/images responded 201 in 2244.6079 ms
2026-07-16 21:53:07.656 +02:00 [INF] Request finished HTTP/2 POST https://localhost:7153/api/paintings/1/images - 201 null application/json; charset=utf-8 2295.3004ms
2026-07-16 21:53:07.662 +02:00 [INF] Request starting HTTP/2 GET https://localhost:7153/api/paintings/manage?page=1&pageSize=10 - null null
2026-07-16 21:53:07.667 +02:00 [INF] CORS policy execution successful.
2026-07-16 21:53:07.669 +02:00 [INF] Executing endpoint 'CanvasArt.API.Controllers.PaintingsController.Query (CanvasArt.API)'
2026-07-16 21:53:07.671 +02:00 [INF] Route matched with {action = "Query", controller = "Paintings"}. Executing controller action with signature System.Threading.Tasks.Task`1[Microsoft.AspNetCore.Mvc.IActionResult] Query(CanvasArt.API.Models.DTOs.Paintings.PaintingQuery, System.Threading.CancellationToken) on controller CanvasArt.API.Controllers.PaintingsController (CanvasArt.API).
2026-07-16 21:53:07.845 +02:00 [INF] Executing OkObjectResult, writing value of type 'CanvasArt.API.Models.Common.ApiResponse`1[[CanvasArt.API.Models.Common.PagedResult`1[[CanvasArt.API.Models.DTOs.Paintings.PaintingListItemDto, CanvasArt.API, Version=1.0.0.0, Culture=neutral, PublicKeyToken=null]], CanvasArt.API, Version=1.0.0.0, Culture=neutral, PublicKeyToken=null]]'.
2026-07-16 21:53:07.849 +02:00 [INF] Executed action CanvasArt.API.Controllers.PaintingsController.Query (CanvasArt.API) in 173.8512ms
2026-07-16 21:53:07.852 +02:00 [INF] Executed endpoint 'CanvasArt.API.Controllers.PaintingsController.Query (CanvasArt.API)'
2026-07-16 21:53:07.856 +02:00 [INF] HTTP GET /api/paintings/manage responded 200 in 189.2724 ms
2026-07-16 21:53:07.861 +02:00 [INF] Request finished HTTP/2 GET https://localhost:7153/api/paintings/manage?page=1&pageSize=10 - 200 null application/json; charset=utf-8 199.9873ms
2026-07-16 21:58:38.640 +02:00 [INF] CanvasArt API starting up
2026-07-16 21:58:38.677 +02:00 [DBG] Hosting starting
2026-07-16 21:58:38.691 +02:00 [INF] User profile is available. Using 'C:\Users\joker\AppData\Local\ASP.NET\DataProtection-Keys' as key repository and Windows DPAPI to encrypt keys at rest.
2026-07-16 21:58:38.755 +02:00 [INF] Now listening on: http://localhost:5080
2026-07-16 21:58:38.755 +02:00 [INF] Application started. Press Ctrl+C to shut down.
2026-07-16 21:58:38.756 +02:00 [INF] Hosting environment: Development
2026-07-16 21:58:38.756 +02:00 [INF] Content root path: D:\CanvasArt project\WebApplication1\src\CanvasArt.API
2026-07-16 21:58:38.756 +02:00 [DBG] Hosting started
2026-07-16 21:59:04.766 +02:00 [INF] Request starting HTTP/1.1 POST http://localhost:5080/api/auth/login - application/json 61
2026-07-16 21:59:04.905 +02:00 [INF] Executing endpoint 'CanvasArt.API.Controllers.AuthController.Login (CanvasArt.API)'
2026-07-16 21:59:04.952 +02:00 [INF] Route matched with {action = "Login", controller = "Auth"}. Executing controller action with signature System.Threading.Tasks.Task`1[Microsoft.AspNetCore.Mvc.IActionResult] Login(CanvasArt.API.Models.DTOs.Auth.LoginRequest, System.Threading.CancellationToken) on controller CanvasArt.API.Controllers.AuthController (CanvasArt.API).
2026-07-16 21:59:07.323 +02:00 [INF] Executing OkObjectResult, writing value of type 'CanvasArt.API.Models.Common.ApiResponse`1[[CanvasArt.API.Models.DTOs.Auth.AuthResponse, CanvasArt.API, Version=1.0.0.0, Culture=neutral, PublicKeyToken=null]]'.
2026-07-16 21:59:07.377 +02:00 [INF] Executed action CanvasArt.API.Controllers.AuthController.Login (CanvasArt.API) in 2420.0304ms
2026-07-16 21:59:07.382 +02:00 [INF] Executed endpoint 'CanvasArt.API.Controllers.AuthController.Login (CanvasArt.API)'
2026-07-16 21:59:07.386 +02:00 [INF] HTTP POST /api/auth/login responded 200 in 2550.5772 ms
2026-07-16 21:59:07.390 +02:00 [INF] Request finished HTTP/1.1 POST http://localhost:5080/api/auth/login - 200 null application/json; charset=utf-8 2627.0229ms
2026-07-16 21:59:07.542 +02:00 [INF] Request starting HTTP/1.1 POST http://localhost:5080/api/auth/login - application/json 61
2026-07-16 21:59:07.550 +02:00 [INF] Executing endpoint 'CanvasArt.API.Controllers.AuthController.Login (CanvasArt.API)'
2026-07-16 21:59:07.551 +02:00 [INF] Route matched with {action = "Login", controller = "Auth"}. Executing controller action with signature System.Threading.Tasks.Task`1[Microsoft.AspNetCore.Mvc.IActionResult] Login(CanvasArt.API.Models.DTOs.Auth.LoginRequest, System.Threading.CancellationToken) on controller CanvasArt.API.Controllers.AuthController (CanvasArt.API).
2026-07-16 21:59:08.433 +02:00 [INF] Executing OkObjectResult, writing value of type 'CanvasArt.API.Models.Common.ApiResponse`1[[CanvasArt.API.Models.DTOs.Auth.AuthResponse, CanvasArt.API, Version=1.0.0.0, Culture=neutral, PublicKeyToken=null]]'.
2026-07-16 21:59:08.434 +02:00 [INF] Executed action CanvasArt.API.Controllers.AuthController.Login (CanvasArt.API) in 882.598ms
2026-07-16 21:59:08.435 +02:00 [INF] Executed endpoint 'CanvasArt.API.Controllers.AuthController.Login (CanvasArt.API)'
2026-07-16 21:59:08.435 +02:00 [INF] HTTP POST /api/auth/login responded 200 in 887.5974 ms
2026-07-16 21:59:08.436 +02:00 [INF] Request finished HTTP/1.1 POST http://localhost:5080/api/auth/login - 200 null application/json; charset=utf-8 893.7754ms
2026-07-16 21:59:08.545 +02:00 [INF] Request starting HTTP/1.1 POST http://localhost:5080/api/paintings/1/images - multipart/form-data; boundary=------------------------ss81A54x12oTqsw5Aa08Vl 8428
2026-07-16 21:59:08.630 +02:00 [INF] Executing endpoint 'CanvasArt.API.Controllers.PaintingsController.UploadImage (CanvasArt.API)'
2026-07-16 21:59:08.641 +02:00 [INF] Route matched with {action = "UploadImage", controller = "Paintings"}. Executing controller action with signature System.Threading.Tasks.Task`1[Microsoft.AspNetCore.Mvc.IActionResult] UploadImage(Int32, Microsoft.AspNetCore.Http.IFormFile, System.Threading.CancellationToken) on controller CanvasArt.API.Controllers.PaintingsController (CanvasArt.API).
2026-07-16 21:59:11.649 +02:00 [INF] Executing ObjectResult, writing value of type 'CanvasArt.API.Models.Common.ApiResponse`1[[CanvasArt.API.Models.DTOs.Paintings.PaintingImageDto, CanvasArt.API, Version=1.0.0.0, Culture=neutral, PublicKeyToken=null]]'.
2026-07-16 21:59:11.655 +02:00 [INF] Executed action CanvasArt.API.Controllers.PaintingsController.UploadImage (CanvasArt.API) in 3013.4896ms
2026-07-16 21:59:11.655 +02:00 [INF] Executed endpoint 'CanvasArt.API.Controllers.PaintingsController.UploadImage (CanvasArt.API)'
2026-07-16 21:59:11.655 +02:00 [INF] HTTP POST /api/paintings/1/images responded 201 in 3109.1993 ms
2026-07-16 21:59:11.657 +02:00 [INF] Request finished HTTP/1.1 POST http://localhost:5080/api/paintings/1/images - 201 null application/json; charset=utf-8 3111.6165ms
2026-07-16 21:59:21.991 +02:00 [INF] Request starting HTTP/1.1 GET http://localhost:5080/uploads/thumbs/paintings/1/20260716195908-617834f3559c44b88be45fa2c_thumb.jpg - null null
2026-07-16 21:59:22.017 +02:00 [INF] Sending file. Request path: '/thumbs/paintings/1/20260716195908-617834f3559c44b88be45fa2c_thumb.jpg'. Physical path: 'D:\CanvasArt project\WebApplication1\src\CanvasArt.API\uploads\thumbs\paintings\1\20260716195908-617834f3559c44b88be45fa2c_thumb.jpg'
2026-07-16 21:59:22.017 +02:00 [INF] HTTP GET /uploads/thumbs/paintings/1/20260716195908-617834f3559c44b88be45fa2c_thumb.jpg responded 200 in 24.5083 ms
2026-07-16 21:59:22.018 +02:00 [INF] Request finished HTTP/1.1 GET http://localhost:5080/uploads/thumbs/paintings/1/20260716195908-617834f3559c44b88be45fa2c_thumb.jpg - 200 2514 image/jpeg 26.329ms
2026-07-16 21:59:22.094 +02:00 [INF] Request starting HTTP/1.1 GET http://localhost:5080/uploads/images/paintings/1/20260716195908-617834f3559c44b88be45fa2c_wm.jpg - null null
2026-07-16 21:59:22.106 +02:00 [INF] Sending file. Request path: '/images/paintings/1/20260716195908-617834f3559c44b88be45fa2c_wm.jpg'. Physical path: 'D:\CanvasArt project\WebApplication1\src\CanvasArt.API\uploads\images\paintings\1\20260716195908-617834f3559c44b88be45fa2c_wm.jpg'
2026-07-16 21:59:22.107 +02:00 [INF] HTTP GET /uploads/images/paintings/1/20260716195908-617834f3559c44b88be45fa2c_wm.jpg responded 200 in 12.9700 ms
2026-07-16 21:59:22.107 +02:00 [INF] Request finished HTTP/1.1 GET http://localhost:5080/uploads/images/paintings/1/20260716195908-617834f3559c44b88be45fa2c_wm.jpg - 200 83079 image/jpeg 13.8112ms
2026-07-16 21:59:30.175 +02:00 [INF] Request starting HTTP/1.1 POST http://localhost:5080/api/auth/login - application/json 61
2026-07-16 21:59:30.176 +02:00 [INF] Executing endpoint 'CanvasArt.API.Controllers.AuthController.Login (CanvasArt.API)'
2026-07-16 21:59:30.177 +02:00 [INF] Route matched with {action = "Login", controller = "Auth"}. Executing controller action with signature System.Threading.Tasks.Task`1[Microsoft.AspNetCore.Mvc.IActionResult] Login(CanvasArt.API.Models.DTOs.Auth.LoginRequest, System.Threading.CancellationToken) on controller CanvasArt.API.Controllers.AuthController (CanvasArt.API).
2026-07-16 21:59:31.167 +02:00 [INF] Executing OkObjectResult, writing value of type 'CanvasArt.API.Models.Common.ApiResponse`1[[CanvasArt.API.Models.DTOs.Auth.AuthResponse, CanvasArt.API, Version=1.0.0.0, Culture=neutral, PublicKeyToken=null]]'.
2026-07-16 21:59:31.168 +02:00 [INF] Executed action CanvasArt.API.Controllers.AuthController.Login (CanvasArt.API) in 990.934ms
2026-07-16 21:59:31.168 +02:00 [INF] Executed endpoint 'CanvasArt.API.Controllers.AuthController.Login (CanvasArt.API)'
2026-07-16 21:59:31.168 +02:00 [INF] HTTP POST /api/auth/login responded 200 in 992.5832 ms
2026-07-16 21:59:31.169 +02:00 [INF] Request finished HTTP/1.1 POST http://localhost:5080/api/auth/login - 200 null application/json; charset=utf-8 993.5636ms
2026-07-16 21:59:31.275 +02:00 [INF] Request starting HTTP/1.1 DELETE http://localhost:5080/api/paintings/1/images/8 - null null
2026-07-16 21:59:31.279 +02:00 [INF] Executing endpoint 'CanvasArt.API.Controllers.PaintingsController.DeleteImage (CanvasArt.API)'
2026-07-16 21:59:31.288 +02:00 [INF] Route matched with {action = "DeleteImage", controller = "Paintings"}. Executing controller action with signature System.Threading.Tasks.Task`1[Microsoft.AspNetCore.Mvc.IActionResult] DeleteImage(Int32, Int32, System.Threading.CancellationToken) on controller CanvasArt.API.Controllers.PaintingsController (CanvasArt.API).
2026-07-16 21:59:31.889 +02:00 [INF] Executing OkObjectResult, writing value of type 'CanvasArt.API.Models.Common.ApiResponse`1[[System.Object, System.Private.CoreLib, Version=8.0.0.0, Culture=neutral, PublicKeyToken=7cec85d7bea7798e]]'.
2026-07-16 21:59:31.893 +02:00 [INF] Executed action CanvasArt.API.Controllers.PaintingsController.DeleteImage (CanvasArt.API) in 604.953ms
2026-07-16 21:59:31.894 +02:00 [INF] Executed endpoint 'CanvasArt.API.Controllers.PaintingsController.DeleteImage (CanvasArt.API)'
2026-07-16 21:59:31.894 +02:00 [INF] HTTP DELETE /api/paintings/1/images/8 responded 200 in 618.6085 ms
2026-07-16 21:59:31.895 +02:00 [INF] Request finished HTTP/1.1 DELETE http://localhost:5080/api/paintings/1/images/8 - 200 null application/json; charset=utf-8 619.554ms
