2026-07-17 18:48:35.740 +02:00 [INF] CanvasArt API starting up
2026-07-17 18:48:35.807 +02:00 [DBG] Hosting starting
2026-07-17 18:48:35.835 +02:00 [INF] User profile is available. Using 'C:\Users\joker\AppData\Local\ASP.NET\DataProtection-Keys' as key repository and Windows DPAPI to encrypt keys at rest.
2026-07-17 18:48:36.141 +02:00 [INF] Now listening on: https://localhost:7153
2026-07-17 18:48:36.143 +02:00 [INF] Now listening on: http://localhost:5167
2026-07-17 18:48:36.198 +02:00 [INF] Application started. Press Ctrl+C to shut down.
2026-07-17 18:48:36.200 +02:00 [INF] Hosting environment: Development
2026-07-17 18:48:36.201 +02:00 [INF] Content root path: D:\CanvasArt project\WebApplication1\src\CanvasArt.API
2026-07-17 18:48:36.203 +02:00 [DBG] Hosting started
2026-07-17 18:48:36.726 +02:00 [INF] Request starting HTTP/2 GET https://localhost:7153/swagger/index.html - null null
2026-07-17 18:48:36.945 +02:00 [DBG] Response markup is scheduled to include Browser Link script injection.
2026-07-17 18:48:36.978 +02:00 [INF] HTTP GET /swagger/index.html responded 200 in 74.6028 ms
2026-07-17 18:48:36.979 +02:00 [INF] Request starting HTTP/2 GET https://localhost:7153/_vs/browserLink - null null
2026-07-17 18:48:36.979 +02:00 [INF] Request starting HTTP/2 GET https://localhost:7153/_framework/aspnetcore-browser-refresh.js - null null
2026-07-17 18:48:36.983 +02:00 [DBG] Response markup was updated to include Browser Link script injection.
2026-07-17 18:48:36.996 +02:00 [INF] Request finished HTTP/2 GET https://localhost:7153/swagger/index.html - 200 null text/html;charset=utf-8 277.4508ms
2026-07-17 18:48:36.996 +02:00 [INF] Request finished HTTP/2 GET https://localhost:7153/_framework/aspnetcore-browser-refresh.js - 200 14931 application/javascript; charset=utf-8 15.6809ms
2026-07-17 18:48:37.024 +02:00 [INF] Request finished HTTP/2 GET https://localhost:7153/_vs/browserLink - 200 null text/javascript; charset=UTF-8 44.7641ms
2026-07-17 18:48:37.050 +02:00 [INF] Request starting HTTP/2 GET https://localhost:7153/swagger/v1/swagger.json - null null
2026-07-17 18:48:37.085 +02:00 [INF] HTTP GET /swagger/v1/swagger.json responded 200 in 30.0107 ms
2026-07-17 18:48:37.090 +02:00 [INF] Request finished HTTP/2 GET https://localhost:7153/swagger/v1/swagger.json - 200 null application/json;charset=utf-8 39.6636ms
2026-07-17 18:48:44.274 +02:00 [INF] Request starting HTTP/2 OPTIONS https://localhost:7153/api/auth/me - null null
2026-07-17 18:48:44.274 +02:00 [INF] Request starting HTTP/2 OPTIONS https://localhost:7153/api/auth/me - null null
2026-07-17 18:48:44.283 +02:00 [INF] CORS policy execution successful.
2026-07-17 18:48:44.283 +02:00 [INF] CORS policy execution successful.
2026-07-17 18:48:44.286 +02:00 [INF] HTTP OPTIONS /api/auth/me responded 204 in 5.2360 ms
2026-07-17 18:48:44.286 +02:00 [INF] HTTP OPTIONS /api/auth/me responded 204 in 5.2360 ms
2026-07-17 18:48:44.288 +02:00 [INF] Request finished HTTP/2 OPTIONS https://localhost:7153/api/auth/me - 204 null null 14.2437ms
2026-07-17 18:48:44.293 +02:00 [INF] Request starting HTTP/2 GET https://localhost:7153/api/auth/me - null null
2026-07-17 18:48:44.293 +02:00 [INF] Request finished HTTP/2 OPTIONS https://localhost:7153/api/auth/me - 204 null null 19.4748ms
2026-07-17 18:48:44.304 +02:00 [INF] CORS policy execution successful.
2026-07-17 18:48:44.452 +02:00 [INF] Request starting HTTP/2 OPTIONS https://localhost:7153/api/frames?page=1&pageSize=4&isActive=true - null null
2026-07-17 18:48:44.452 +02:00 [INF] Request starting HTTP/2 OPTIONS https://localhost:7153/api/paintings?isFeatured=true&pageSize=8&sortBy=createdAt&sortDir=desc - null null
2026-07-17 18:48:44.452 +02:00 [INF] Request starting HTTP/2 OPTIONS https://localhost:7153/api/categories - null null
2026-07-17 18:48:44.460 +02:00 [INF] CORS policy execution successful.
2026-07-17 18:48:44.461 +02:00 [INF] HTTP OPTIONS /api/categories responded 204 in 0.3559 ms
2026-07-17 18:48:44.463 +02:00 [INF] Request finished HTTP/2 OPTIONS https://localhost:7153/api/categories - 204 null null 10.7301ms
2026-07-17 18:48:44.452 +02:00 [INF] Request starting HTTP/2 OPTIONS https://localhost:7153/api/slides - null null
2026-07-17 18:48:44.458 +02:00 [INF] CORS policy execution successful.
2026-07-17 18:48:44.455 +02:00 [INF] CORS policy execution successful.
2026-07-17 18:48:44.474 +02:00 [INF] HTTP OPTIONS /api/frames responded 204 in 19.1438 ms
2026-07-17 18:48:44.472 +02:00 [INF] CORS policy execution successful.
2026-07-17 18:48:44.473 +02:00 [INF] HTTP OPTIONS /api/paintings responded 204 in 15.2186 ms
2026-07-17 18:48:44.467 +02:00 [INF] Request starting HTTP/2 GET https://localhost:7153/api/categories - null null
2026-07-17 18:48:44.476 +02:00 [INF] HTTP OPTIONS /api/slides responded 204 in 4.0754 ms
2026-07-17 18:48:44.482 +02:00 [INF] Request starting HTTP/2 GET https://localhost:7153/api/paintings?isFeatured=true&pageSize=8&sortBy=createdAt&sortDir=desc - null null
2026-07-17 18:48:44.488 +02:00 [INF] Request finished HTTP/2 OPTIONS https://localhost:7153/api/slides - 204 null null 36.2628ms
2026-07-17 18:48:44.478 +02:00 [INF] Request finished HTTP/2 OPTIONS https://localhost:7153/api/paintings?isFeatured=true&pageSize=8&sortBy=createdAt&sortDir=desc - 204 null null 25.9661ms
2026-07-17 18:48:44.486 +02:00 [INF] CORS policy execution successful.
2026-07-17 18:48:44.479 +02:00 [INF] Request starting HTTP/2 GET https://localhost:7153/api/frames?page=1&pageSize=4&isActive=true - null null
2026-07-17 18:48:44.475 +02:00 [INF] Request finished HTTP/2 OPTIONS https://localhost:7153/api/frames?page=1&pageSize=4&isActive=true - 204 null null 23.4405ms
2026-07-17 18:48:44.494 +02:00 [INF] Request starting HTTP/2 GET https://localhost:7153/api/slides - null null
2026-07-17 18:48:44.495 +02:00 [INF] CORS policy execution successful.
2026-07-17 18:48:44.504 +02:00 [INF] CORS policy execution successful.
2026-07-17 18:48:44.509 +02:00 [INF] CORS policy execution successful.
2026-07-17 18:48:45.917 +02:00 [INF] Failed to validate the token.
Microsoft.IdentityModel.Tokens.SecurityTokenExpiredException: IDX10223: Lifetime validation failed. The token is expired. ValidTo (UTC): '16.7.2026 20:21:42', Current time (UTC): '17.7.2026 16:48:45'.
   at Microsoft.IdentityModel.Tokens.ValidatorUtilities.ValidateLifetime(Nullable`1 notBefore, Nullable`1 expires, SecurityToken securityToken, TokenValidationParameters validationParameters)
   at Microsoft.IdentityModel.Tokens.Validators.ValidateLifetime(Nullable`1 notBefore, Nullable`1 expires, SecurityToken securityToken, TokenValidationParameters validationParameters)
   at Microsoft.IdentityModel.JsonWebTokens.JsonWebTokenHandler.ValidateTokenPayloadAsync(JsonWebToken jsonWebToken, TokenValidationParameters validationParameters, BaseConfiguration configuration)
   at Microsoft.IdentityModel.JsonWebTokens.JsonWebTokenHandler.ValidateJWSAsync(JsonWebToken jsonWebToken, TokenValidationParameters validationParameters, BaseConfiguration configuration)
2026-07-17 18:48:45.917 +02:00 [INF] Failed to validate the token.
Microsoft.IdentityModel.Tokens.SecurityTokenExpiredException: IDX10223: Lifetime validation failed. The token is expired. ValidTo (UTC): '16.7.2026 20:21:42', Current time (UTC): '17.7.2026 16:48:45'.
   at Microsoft.IdentityModel.Tokens.ValidatorUtilities.ValidateLifetime(Nullable`1 notBefore, Nullable`1 expires, SecurityToken securityToken, TokenValidationParameters validationParameters)
   at Microsoft.IdentityModel.Tokens.Validators.ValidateLifetime(Nullable`1 notBefore, Nullable`1 expires, SecurityToken securityToken, TokenValidationParameters validationParameters)
   at Microsoft.IdentityModel.JsonWebTokens.JsonWebTokenHandler.ValidateTokenPayloadAsync(JsonWebToken jsonWebToken, TokenValidationParameters validationParameters, BaseConfiguration configuration)
   at Microsoft.IdentityModel.JsonWebTokens.JsonWebTokenHandler.ValidateJWSAsync(JsonWebToken jsonWebToken, TokenValidationParameters validationParameters, BaseConfiguration configuration)
2026-07-17 18:48:45.939 +02:00 [INF] Bearer was not authenticated. Failure message: IDX10223: Lifetime validation failed. The token is expired. ValidTo (UTC): '16.7.2026 20:21:42', Current time (UTC): '17.7.2026 16:48:45'.
2026-07-17 18:48:45.920 +02:00 [INF] Failed to validate the token.
Microsoft.IdentityModel.Tokens.SecurityTokenExpiredException: IDX10223: Lifetime validation failed. The token is expired. ValidTo (UTC): '16.7.2026 20:21:42', Current time (UTC): '17.7.2026 16:48:45'.
   at Microsoft.IdentityModel.Tokens.ValidatorUtilities.ValidateLifetime(Nullable`1 notBefore, Nullable`1 expires, SecurityToken securityToken, TokenValidationParameters validationParameters)
   at Microsoft.IdentityModel.Tokens.Validators.ValidateLifetime(Nullable`1 notBefore, Nullable`1 expires, SecurityToken securityToken, TokenValidationParameters validationParameters)
   at Microsoft.IdentityModel.JsonWebTokens.JsonWebTokenHandler.ValidateTokenPayloadAsync(JsonWebToken jsonWebToken, TokenValidationParameters validationParameters, BaseConfiguration configuration)
   at Microsoft.IdentityModel.JsonWebTokens.JsonWebTokenHandler.ValidateJWSAsync(JsonWebToken jsonWebToken, TokenValidationParameters validationParameters, BaseConfiguration configuration)
2026-07-17 18:48:45.945 +02:00 [INF] Bearer was not authenticated. Failure message: IDX10223: Lifetime validation failed. The token is expired. ValidTo (UTC): '16.7.2026 20:21:42', Current time (UTC): '17.7.2026 16:48:45'.
2026-07-17 18:48:45.938 +02:00 [INF] Bearer was not authenticated. Failure message: IDX10223: Lifetime validation failed. The token is expired. ValidTo (UTC): '16.7.2026 20:21:42', Current time (UTC): '17.7.2026 16:48:45'.
2026-07-17 18:48:45.947 +02:00 [INF] Executing endpoint 'CanvasArt.API.Controllers.FramesController.List (CanvasArt.API)'
2026-07-17 18:48:45.945 +02:00 [INF] Authorization failed. These requirements were not met:
DenyAnonymousAuthorizationRequirement: Requires an authenticated user.
2026-07-17 18:48:45.918 +02:00 [INF] Failed to validate the token.
Microsoft.IdentityModel.Tokens.SecurityTokenExpiredException: IDX10223: Lifetime validation failed. The token is expired. ValidTo (UTC): '16.7.2026 20:21:42', Current time (UTC): '17.7.2026 16:48:45'.
   at Microsoft.IdentityModel.Tokens.ValidatorUtilities.ValidateLifetime(Nullable`1 notBefore, Nullable`1 expires, SecurityToken securityToken, TokenValidationParameters validationParameters)
   at Microsoft.IdentityModel.Tokens.Validators.ValidateLifetime(Nullable`1 notBefore, Nullable`1 expires, SecurityToken securityToken, TokenValidationParameters validationParameters)
   at Microsoft.IdentityModel.JsonWebTokens.JsonWebTokenHandler.ValidateTokenPayloadAsync(JsonWebToken jsonWebToken, TokenValidationParameters validationParameters, BaseConfiguration configuration)
   at Microsoft.IdentityModel.JsonWebTokens.JsonWebTokenHandler.ValidateJWSAsync(JsonWebToken jsonWebToken, TokenValidationParameters validationParameters, BaseConfiguration configuration)
2026-07-17 18:48:45.958 +02:00 [INF] Bearer was not authenticated. Failure message: IDX10223: Lifetime validation failed. The token is expired. ValidTo (UTC): '16.7.2026 20:21:42', Current time (UTC): '17.7.2026 16:48:45'.
2026-07-17 18:48:45.947 +02:00 [INF] Executing endpoint 'CanvasArt.API.Controllers.PaintingsController.List (CanvasArt.API)'
2026-07-17 18:48:45.919 +02:00 [INF] Failed to validate the token.
Microsoft.IdentityModel.Tokens.SecurityTokenExpiredException: IDX10223: Lifetime validation failed. The token is expired. ValidTo (UTC): '16.7.2026 20:21:42', Current time (UTC): '17.7.2026 16:48:45'.
   at Microsoft.IdentityModel.Tokens.ValidatorUtilities.ValidateLifetime(Nullable`1 notBefore, Nullable`1 expires, SecurityToken securityToken, TokenValidationParameters validationParameters)
   at Microsoft.IdentityModel.Tokens.Validators.ValidateLifetime(Nullable`1 notBefore, Nullable`1 expires, SecurityToken securityToken, TokenValidationParameters validationParameters)
   at Microsoft.IdentityModel.JsonWebTokens.JsonWebTokenHandler.ValidateTokenPayloadAsync(JsonWebToken jsonWebToken, TokenValidationParameters validationParameters, BaseConfiguration configuration)
   at Microsoft.IdentityModel.JsonWebTokens.JsonWebTokenHandler.ValidateJWSAsync(JsonWebToken jsonWebToken, TokenValidationParameters validationParameters, BaseConfiguration configuration)
2026-07-17 18:48:45.959 +02:00 [INF] Executing endpoint 'CanvasArt.API.Controllers.SlidesController.GetActive (CanvasArt.API)'
2026-07-17 18:48:45.965 +02:00 [INF] Bearer was not authenticated. Failure message: IDX10223: Lifetime validation failed. The token is expired. ValidTo (UTC): '16.7.2026 20:21:42', Current time (UTC): '17.7.2026 16:48:45'.
2026-07-17 18:48:45.965 +02:00 [INF] Executing endpoint 'CanvasArt.API.Controllers.CategoriesController.GetActive (CanvasArt.API)'
2026-07-17 18:48:45.962 +02:00 [INF] AuthenticationScheme: Bearer was challenged.
2026-07-17 18:48:45.970 +02:00 [INF] HTTP GET /api/auth/me responded 401 in 1666.1219 ms
2026-07-17 18:48:45.973 +02:00 [INF] Route matched with {action = "List", controller = "Frames"}. Executing controller action with signature System.Threading.Tasks.Task`1[Microsoft.AspNetCore.Mvc.IActionResult] List(CanvasArt.API.Models.DTOs.Frames.FrameQuery, System.Threading.CancellationToken) on controller CanvasArt.API.Controllers.FramesController (CanvasArt.API).
2026-07-17 18:48:45.974 +02:00 [INF] Request finished HTTP/2 GET https://localhost:7153/api/auth/me - 401 0 null 1681.2196ms
2026-07-17 18:48:45.973 +02:00 [INF] Route matched with {action = "GetActive", controller = "Slides"}. Executing controller action with signature System.Threading.Tasks.Task`1[Microsoft.AspNetCore.Mvc.IActionResult] GetActive(System.Threading.CancellationToken) on controller CanvasArt.API.Controllers.SlidesController (CanvasArt.API).
2026-07-17 18:48:45.978 +02:00 [INF] Request starting HTTP/2 GET https://localhost:7153/api/auth/me - null null
2026-07-17 18:48:45.973 +02:00 [INF] Route matched with {action = "List", controller = "Paintings"}. Executing controller action with signature System.Threading.Tasks.Task`1[Microsoft.AspNetCore.Mvc.IActionResult] List(CanvasArt.API.Models.DTOs.Paintings.PaintingQuery, System.Threading.CancellationToken) on controller CanvasArt.API.Controllers.PaintingsController (CanvasArt.API).
2026-07-17 18:48:45.974 +02:00 [INF] Route matched with {action = "GetActive", controller = "Categories"}. Executing controller action with signature System.Threading.Tasks.Task`1[Microsoft.AspNetCore.Mvc.IActionResult] GetActive(System.Threading.CancellationToken) on controller CanvasArt.API.Controllers.CategoriesController (CanvasArt.API).
2026-07-17 18:48:45.982 +02:00 [INF] Request starting HTTP/2 OPTIONS https://localhost:7153/api/auth/refresh - null null
2026-07-17 18:48:45.992 +02:00 [INF] CORS policy execution successful.
2026-07-17 18:48:45.999 +02:00 [INF] CORS policy execution successful.
2026-07-17 18:48:46.000 +02:00 [INF] Failed to validate the token.
Microsoft.IdentityModel.Tokens.SecurityTokenExpiredException: IDX10223: Lifetime validation failed. The token is expired. ValidTo (UTC): '16.7.2026 20:21:42', Current time (UTC): '17.7.2026 16:48:45'.
   at Microsoft.IdentityModel.Tokens.ValidatorUtilities.ValidateLifetime(Nullable`1 notBefore, Nullable`1 expires, SecurityToken securityToken, TokenValidationParameters validationParameters)
   at Microsoft.IdentityModel.Tokens.Validators.ValidateLifetime(Nullable`1 notBefore, Nullable`1 expires, SecurityToken securityToken, TokenValidationParameters validationParameters)
   at Microsoft.IdentityModel.JsonWebTokens.JsonWebTokenHandler.ValidateTokenPayloadAsync(JsonWebToken jsonWebToken, TokenValidationParameters validationParameters, BaseConfiguration configuration)
   at Microsoft.IdentityModel.JsonWebTokens.JsonWebTokenHandler.ValidateJWSAsync(JsonWebToken jsonWebToken, TokenValidationParameters validationParameters, BaseConfiguration configuration)
2026-07-17 18:48:46.004 +02:00 [INF] HTTP OPTIONS /api/auth/refresh responded 204 in 5.6051 ms
2026-07-17 18:48:46.007 +02:00 [INF] Bearer was not authenticated. Failure message: IDX10223: Lifetime validation failed. The token is expired. ValidTo (UTC): '16.7.2026 20:21:42', Current time (UTC): '17.7.2026 16:48:45'.
2026-07-17 18:48:46.009 +02:00 [INF] Request finished HTTP/2 OPTIONS https://localhost:7153/api/auth/refresh - 204 null null 28.4095ms
2026-07-17 18:48:46.011 +02:00 [INF] Request starting HTTP/2 POST https://localhost:7153/api/auth/refresh - application/json 732
2026-07-17 18:48:46.013 +02:00 [INF] Authorization failed. These requirements were not met:
DenyAnonymousAuthorizationRequirement: Requires an authenticated user.
2026-07-17 18:48:46.014 +02:00 [INF] CORS policy execution successful.
2026-07-17 18:48:46.015 +02:00 [INF] AuthenticationScheme: Bearer was challenged.
2026-07-17 18:48:46.015 +02:00 [INF] Executing endpoint 'CanvasArt.API.Controllers.AuthController.Refresh (CanvasArt.API)'
2026-07-17 18:48:46.016 +02:00 [INF] HTTP GET /api/auth/me responded 401 in 24.0227 ms
2026-07-17 18:48:46.017 +02:00 [INF] Request finished HTTP/2 GET https://localhost:7153/api/auth/me - 401 0 null 39.72ms
2026-07-17 18:48:46.023 +02:00 [INF] Route matched with {action = "Refresh", controller = "Auth"}. Executing controller action with signature System.Threading.Tasks.Task`1[Microsoft.AspNetCore.Mvc.IActionResult] Refresh(CanvasArt.API.Models.DTOs.Auth.RefreshTokenRequest, System.Threading.CancellationToken) on controller CanvasArt.API.Controllers.AuthController (CanvasArt.API).
2026-07-17 18:48:46.079 +02:00 [WRN] You do not have a valid license key for the Lucky Penny software AutoMapper. This is allowed for development and testing scenarios. If you are running in production you are required to have a licensed version. Please visit https://luckypennysoftware.com to obtain a valid license.
2026-07-17 18:48:48.169 +02:00 [INF] Executing OkObjectResult, writing value of type 'CanvasArt.API.Models.Common.ApiResponse`1[[System.Collections.Generic.IReadOnlyList`1[[CanvasArt.API.Models.DTOs.Categories.CategoryDto, CanvasArt.API, Version=1.0.0.0, Culture=neutral, PublicKeyToken=null]], System.Private.CoreLib, Version=8.0.0.0, Culture=neutral, PublicKeyToken=7cec85d7bea7798e]]'.
2026-07-17 18:48:48.181 +02:00 [INF] Executed action CanvasArt.API.Controllers.CategoriesController.GetActive (CanvasArt.API) in 2184.9765ms
2026-07-17 18:48:48.183 +02:00 [INF] Executed endpoint 'CanvasArt.API.Controllers.CategoriesController.GetActive (CanvasArt.API)'
2026-07-17 18:48:48.183 +02:00 [INF] HTTP GET /api/categories responded 200 in 3699.9349 ms
2026-07-17 18:48:48.185 +02:00 [INF] Request finished HTTP/2 GET https://localhost:7153/api/categories - 200 null application/json; charset=utf-8 3718.0821ms
2026-07-17 18:48:48.333 +02:00 [INF] Executing OkObjectResult, writing value of type 'CanvasArt.API.Models.Common.ApiResponse`1[[CanvasArt.API.Models.DTOs.Auth.AuthResponse, CanvasArt.API, Version=1.0.0.0, Culture=neutral, PublicKeyToken=null]]'.
2026-07-17 18:48:48.341 +02:00 [INF] Executed action CanvasArt.API.Controllers.AuthController.Refresh (CanvasArt.API) in 2313.8147ms
2026-07-17 18:48:48.342 +02:00 [INF] Executed endpoint 'CanvasArt.API.Controllers.AuthController.Refresh (CanvasArt.API)'
2026-07-17 18:48:48.342 +02:00 [INF] HTTP POST /api/auth/refresh responded 200 in 2328.0924 ms
2026-07-17 18:48:48.343 +02:00 [INF] Request finished HTTP/2 POST https://localhost:7153/api/auth/refresh - 200 null application/json; charset=utf-8 2331.7631ms
2026-07-17 18:48:48.347 +02:00 [INF] Request starting HTTP/2 GET https://localhost:7153/api/auth/me - null null
2026-07-17 18:48:48.348 +02:00 [INF] CORS policy execution successful.
2026-07-17 18:48:48.354 +02:00 [INF] Executing endpoint 'CanvasArt.API.Controllers.AuthController.Me (CanvasArt.API)'
2026-07-17 18:48:48.359 +02:00 [INF] Route matched with {action = "Me", controller = "Auth"}. Executing controller action with signature System.Threading.Tasks.Task`1[Microsoft.AspNetCore.Mvc.IActionResult] Me(System.Threading.CancellationToken) on controller CanvasArt.API.Controllers.AuthController (CanvasArt.API).
2026-07-17 18:48:48.534 +02:00 [INF] Executing OkObjectResult, writing value of type 'CanvasArt.API.Models.Common.ApiResponse`1[[CanvasArt.API.Models.DTOs.Auth.UserDto, CanvasArt.API, Version=1.0.0.0, Culture=neutral, PublicKeyToken=null]]'.
2026-07-17 18:48:48.545 +02:00 [INF] Executed action CanvasArt.API.Controllers.AuthController.Me (CanvasArt.API) in 185.1394ms
2026-07-17 18:48:48.553 +02:00 [INF] Executed endpoint 'CanvasArt.API.Controllers.AuthController.Me (CanvasArt.API)'
2026-07-17 18:48:48.551 +02:00 [INF] Executing OkObjectResult, writing value of type 'CanvasArt.API.Models.Common.ApiResponse`1[[CanvasArt.API.Models.Common.PagedResult`1[[CanvasArt.API.Models.DTOs.Frames.FrameListItemDto, CanvasArt.API, Version=1.0.0.0, Culture=neutral, PublicKeyToken=null]], CanvasArt.API, Version=1.0.0.0, Culture=neutral, PublicKeyToken=null]]'.
2026-07-17 18:48:48.548 +02:00 [INF] Request starting HTTP/2 GET https://localhost:7153/api/auth/me - null null
2026-07-17 18:48:48.554 +02:00 [INF] HTTP GET /api/auth/me responded 200 in 206.2369 ms
2026-07-17 18:48:48.558 +02:00 [INF] CORS policy execution successful.
2026-07-17 18:48:48.560 +02:00 [INF] Request finished HTTP/2 GET https://localhost:7153/api/auth/me - 200 null application/json; charset=utf-8 212.8131ms
2026-07-17 18:48:48.563 +02:00 [INF] Executing endpoint 'CanvasArt.API.Controllers.AuthController.Me (CanvasArt.API)'
2026-07-17 18:48:48.565 +02:00 [INF] Executed action CanvasArt.API.Controllers.FramesController.List (CanvasArt.API) in 2590.1884ms
2026-07-17 18:48:48.565 +02:00 [INF] Route matched with {action = "Me", controller = "Auth"}. Executing controller action with signature System.Threading.Tasks.Task`1[Microsoft.AspNetCore.Mvc.IActionResult] Me(System.Threading.CancellationToken) on controller CanvasArt.API.Controllers.AuthController (CanvasArt.API).
2026-07-17 18:48:48.565 +02:00 [INF] Executed endpoint 'CanvasArt.API.Controllers.FramesController.List (CanvasArt.API)'
2026-07-17 18:48:48.570 +02:00 [INF] HTTP GET /api/frames responded 200 in 4066.0334 ms
2026-07-17 18:48:48.571 +02:00 [INF] Request finished HTTP/2 GET https://localhost:7153/api/frames?page=1&pageSize=4&isActive=true - 200 null application/json; charset=utf-8 4092.1707ms
2026-07-17 18:48:48.630 +02:00 [INF] Executing OkObjectResult, writing value of type 'CanvasArt.API.Models.Common.ApiResponse`1[[CanvasArt.API.Models.Common.PagedResult`1[[CanvasArt.API.Models.DTOs.Paintings.PaintingListItemDto, CanvasArt.API, Version=1.0.0.0, Culture=neutral, PublicKeyToken=null]], CanvasArt.API, Version=1.0.0.0, Culture=neutral, PublicKeyToken=null]]'.
2026-07-17 18:48:48.635 +02:00 [INF] Executed action CanvasArt.API.Controllers.PaintingsController.List (CanvasArt.API) in 2641.8829ms
2026-07-17 18:48:48.640 +02:00 [INF] Executed endpoint 'CanvasArt.API.Controllers.PaintingsController.List (CanvasArt.API)'
2026-07-17 18:48:48.643 +02:00 [INF] HTTP GET /api/paintings responded 200 in 4147.0266 ms
2026-07-17 18:48:48.644 +02:00 [INF] Executing OkObjectResult, writing value of type 'CanvasArt.API.Models.Common.ApiResponse`1[[CanvasArt.API.Models.DTOs.Auth.UserDto, CanvasArt.API, Version=1.0.0.0, Culture=neutral, PublicKeyToken=null]]'.
2026-07-17 18:48:48.645 +02:00 [INF] Executed action CanvasArt.API.Controllers.AuthController.Me (CanvasArt.API) in 78.9892ms
2026-07-17 18:48:48.645 +02:00 [INF] Executed endpoint 'CanvasArt.API.Controllers.AuthController.Me (CanvasArt.API)'
2026-07-17 18:48:48.645 +02:00 [INF] HTTP GET /api/auth/me responded 200 in 87.1557 ms
2026-07-17 18:48:48.646 +02:00 [INF] Request finished HTTP/2 GET https://localhost:7153/api/auth/me - 200 null application/json; charset=utf-8 97.7998ms
2026-07-17 18:48:48.644 +02:00 [INF] Request finished HTTP/2 GET https://localhost:7153/api/paintings?isFeatured=true&pageSize=8&sortBy=createdAt&sortDir=desc - 200 null application/json; charset=utf-8 4162.5755ms
2026-07-17 18:48:48.673 +02:00 [INF] Request starting HTTP/2 GET https://localhost:7153/media/paintings/1/20260715172137-53ee8e996a30441b80c18d338_thumb.jpg - null null
2026-07-17 18:48:48.676 +02:00 [INF] HTTP GET /media/paintings/1/20260715172137-53ee8e996a30441b80c18d338_thumb.jpg responded 404 in 0.4924 ms
2026-07-17 18:48:48.677 +02:00 [INF] Request finished HTTP/2 GET https://localhost:7153/media/paintings/1/20260715172137-53ee8e996a30441b80c18d338_thumb.jpg - 404 0 null 3.3876ms
2026-07-17 18:48:48.679 +02:00 [INF] Request reached the end of the middleware pipeline without being handled by application code. Request path: GET https://localhost:7153/media/paintings/1/20260715172137-53ee8e996a30441b80c18d338_thumb.jpg, Response status code: 404
2026-07-17 18:48:48.831 +02:00 [INF] Executing OkObjectResult, writing value of type 'CanvasArt.API.Models.Common.ApiResponse`1[[System.Collections.Generic.IReadOnlyList`1[[CanvasArt.API.Models.DTOs.Cms.SlideDto, CanvasArt.API, Version=1.0.0.0, Culture=neutral, PublicKeyToken=null]], System.Private.CoreLib, Version=8.0.0.0, Culture=neutral, PublicKeyToken=7cec85d7bea7798e]]'.
2026-07-17 18:48:48.834 +02:00 [INF] Executed action CanvasArt.API.Controllers.SlidesController.GetActive (CanvasArt.API) in 2844.6221ms
2026-07-17 18:48:48.836 +02:00 [INF] Executed endpoint 'CanvasArt.API.Controllers.SlidesController.GetActive (CanvasArt.API)'
2026-07-17 18:48:48.837 +02:00 [INF] HTTP GET /api/slides responded 200 in 4327.7031 ms
2026-07-17 18:48:48.837 +02:00 [INF] Request finished HTTP/2 GET https://localhost:7153/api/slides - 200 null application/json; charset=utf-8 4344.1462ms
2026-07-17 18:48:49.478 +02:00 [INF] Request starting HTTP/2 OPTIONS https://localhost:7153/api/auth/me - null null
2026-07-17 18:48:49.478 +02:00 [INF] Request starting HTTP/2 OPTIONS https://localhost:7153/api/auth/me - null null
2026-07-17 18:48:49.482 +02:00 [INF] CORS policy execution successful.
2026-07-17 18:48:49.486 +02:00 [INF] CORS policy execution successful.
2026-07-17 18:48:49.487 +02:00 [INF] HTTP OPTIONS /api/auth/me responded 204 in 4.6794 ms
2026-07-17 18:48:49.487 +02:00 [INF] HTTP OPTIONS /api/auth/me responded 204 in 1.4313 ms
2026-07-17 18:48:49.489 +02:00 [INF] Request finished HTTP/2 OPTIONS https://localhost:7153/api/auth/me - 204 null null 10.4622ms
2026-07-17 18:48:49.491 +02:00 [INF] Request starting HTTP/2 GET https://localhost:7153/api/auth/me - null null
2026-07-17 18:48:49.491 +02:00 [INF] Request finished HTTP/2 OPTIONS https://localhost:7153/api/auth/me - 204 null null 13.0267ms
2026-07-17 18:48:49.497 +02:00 [INF] CORS policy execution successful.
2026-07-17 18:48:49.500 +02:00 [INF] Executing endpoint 'CanvasArt.API.Controllers.AuthController.Me (CanvasArt.API)'
2026-07-17 18:48:49.502 +02:00 [INF] Route matched with {action = "Me", controller = "Auth"}. Executing controller action with signature System.Threading.Tasks.Task`1[Microsoft.AspNetCore.Mvc.IActionResult] Me(System.Threading.CancellationToken) on controller CanvasArt.API.Controllers.AuthController (CanvasArt.API).
2026-07-17 18:48:49.569 +02:00 [INF] Executing OkObjectResult, writing value of type 'CanvasArt.API.Models.Common.ApiResponse`1[[CanvasArt.API.Models.DTOs.Auth.UserDto, CanvasArt.API, Version=1.0.0.0, Culture=neutral, PublicKeyToken=null]]'.
2026-07-17 18:48:49.571 +02:00 [INF] Executed action CanvasArt.API.Controllers.AuthController.Me (CanvasArt.API) in 66.3372ms
2026-07-17 18:48:49.572 +02:00 [INF] Executed endpoint 'CanvasArt.API.Controllers.AuthController.Me (CanvasArt.API)'
2026-07-17 18:48:49.575 +02:00 [INF] Request starting HTTP/2 GET https://localhost:7153/api/auth/me - null null
2026-07-17 18:48:49.582 +02:00 [INF] CORS policy execution successful.
2026-07-17 18:48:49.578 +02:00 [INF] HTTP GET /api/auth/me responded 200 in 80.9127 ms
2026-07-17 18:48:49.584 +02:00 [INF] Executing endpoint 'CanvasArt.API.Controllers.AuthController.Me (CanvasArt.API)'
2026-07-17 18:48:49.589 +02:00 [INF] Request finished HTTP/2 GET https://localhost:7153/api/auth/me - 200 null application/json; charset=utf-8 97.7325ms
2026-07-17 18:48:49.590 +02:00 [INF] Route matched with {action = "Me", controller = "Auth"}. Executing controller action with signature System.Threading.Tasks.Task`1[Microsoft.AspNetCore.Mvc.IActionResult] Me(System.Threading.CancellationToken) on controller CanvasArt.API.Controllers.AuthController (CanvasArt.API).
2026-07-17 18:48:49.658 +02:00 [INF] Executing OkObjectResult, writing value of type 'CanvasArt.API.Models.Common.ApiResponse`1[[CanvasArt.API.Models.DTOs.Auth.UserDto, CanvasArt.API, Version=1.0.0.0, Culture=neutral, PublicKeyToken=null]]'.
2026-07-17 18:48:49.661 +02:00 [INF] Executed action CanvasArt.API.Controllers.AuthController.Me (CanvasArt.API) in 67.4897ms
2026-07-17 18:48:49.662 +02:00 [INF] Executed endpoint 'CanvasArt.API.Controllers.AuthController.Me (CanvasArt.API)'
2026-07-17 18:48:49.663 +02:00 [INF] HTTP GET /api/auth/me responded 200 in 80.7011 ms
2026-07-17 18:48:49.664 +02:00 [INF] Request finished HTTP/2 GET https://localhost:7153/api/auth/me - 200 null application/json; charset=utf-8 88.8187ms
2026-07-17 18:48:49.818 +02:00 [INF] Request starting HTTP/2 OPTIONS https://localhost:7153/api/slides - null null
2026-07-17 18:48:49.819 +02:00 [INF] Request starting HTTP/2 OPTIONS https://localhost:7153/api/categories - null null
2026-07-17 18:48:49.819 +02:00 [INF] Request starting HTTP/2 OPTIONS https://localhost:7153/api/frames?page=1&pageSize=4&isActive=true - null null
2026-07-17 18:48:49.823 +02:00 [INF] CORS policy execution successful.
2026-07-17 18:48:49.824 +02:00 [INF] HTTP OPTIONS /api/frames responded 204 in 0.3893 ms
2026-07-17 18:48:49.823 +02:00 [INF] CORS policy execution successful.
2026-07-17 18:48:49.819 +02:00 [INF] Request starting HTTP/2 OPTIONS https://localhost:7153/api/paintings?isFeatured=true&pageSize=8&sortBy=createdAt&sortDir=desc - null null
2026-07-17 18:48:49.826 +02:00 [INF] CORS policy execution successful.
2026-07-17 18:48:49.826 +02:00 [INF] HTTP OPTIONS /api/paintings responded 204 in 0.3293 ms
2026-07-17 18:48:49.825 +02:00 [INF] HTTP OPTIONS /api/categories responded 204 in 2.4377 ms
2026-07-17 18:48:49.825 +02:00 [INF] Request finished HTTP/2 OPTIONS https://localhost:7153/api/frames?page=1&pageSize=4&isActive=true - 204 null null 5.3703ms
2026-07-17 18:48:49.837 +02:00 [INF] Request starting HTTP/2 GET https://localhost:7153/api/categories - null null
2026-07-17 18:48:49.833 +02:00 [INF] Request finished HTTP/2 OPTIONS https://localhost:7153/api/categories - 204 null null 14.1995ms
2026-07-17 18:48:49.833 +02:00 [INF] Request starting HTTP/2 GET https://localhost:7153/api/frames?page=1&pageSize=4&isActive=true - null null
2026-07-17 18:48:49.821 +02:00 [INF] CORS policy execution successful.
2026-07-17 18:48:49.828 +02:00 [INF] Request finished HTTP/2 OPTIONS https://localhost:7153/api/paintings?isFeatured=true&pageSize=8&sortBy=createdAt&sortDir=desc - 204 null null 8.3864ms
2026-07-17 18:48:49.830 +02:00 [INF] Request starting HTTP/2 GET https://localhost:7153/api/paintings?isFeatured=true&pageSize=8&sortBy=createdAt&sortDir=desc - null null
2026-07-17 18:48:49.841 +02:00 [INF] CORS policy execution successful.
2026-07-17 18:48:49.846 +02:00 [INF] CORS policy execution successful.
2026-07-17 18:48:49.846 +02:00 [INF] HTTP OPTIONS /api/slides responded 204 in 25.0193 ms
2026-07-17 18:48:49.853 +02:00 [INF] CORS policy execution successful.
2026-07-17 18:48:49.854 +02:00 [INF] Executing endpoint 'CanvasArt.API.Controllers.CategoriesController.GetActive (CanvasArt.API)'
2026-07-17 18:48:49.854 +02:00 [INF] Executing endpoint 'CanvasArt.API.Controllers.FramesController.List (CanvasArt.API)'
2026-07-17 18:48:49.855 +02:00 [INF] Request finished HTTP/2 OPTIONS https://localhost:7153/api/slides - 204 null null 36.6219ms
2026-07-17 18:48:49.856 +02:00 [INF] Route matched with {action = "GetActive", controller = "Categories"}. Executing controller action with signature System.Threading.Tasks.Task`1[Microsoft.AspNetCore.Mvc.IActionResult] GetActive(System.Threading.CancellationToken) on controller CanvasArt.API.Controllers.CategoriesController (CanvasArt.API).
2026-07-17 18:48:49.856 +02:00 [INF] Route matched with {action = "List", controller = "Frames"}. Executing controller action with signature System.Threading.Tasks.Task`1[Microsoft.AspNetCore.Mvc.IActionResult] List(CanvasArt.API.Models.DTOs.Frames.FrameQuery, System.Threading.CancellationToken) on controller CanvasArt.API.Controllers.FramesController (CanvasArt.API).
2026-07-17 18:48:49.855 +02:00 [INF] Executing endpoint 'CanvasArt.API.Controllers.PaintingsController.List (CanvasArt.API)'
2026-07-17 18:48:49.858 +02:00 [INF] Request starting HTTP/2 GET https://localhost:7153/api/slides - null null
2026-07-17 18:48:49.871 +02:00 [INF] CORS policy execution successful.
2026-07-17 18:48:49.865 +02:00 [INF] Route matched with {action = "List", controller = "Paintings"}. Executing controller action with signature System.Threading.Tasks.Task`1[Microsoft.AspNetCore.Mvc.IActionResult] List(CanvasArt.API.Models.DTOs.Paintings.PaintingQuery, System.Threading.CancellationToken) on controller CanvasArt.API.Controllers.PaintingsController (CanvasArt.API).
2026-07-17 18:48:49.871 +02:00 [INF] Executing endpoint 'CanvasArt.API.Controllers.SlidesController.GetActive (CanvasArt.API)'
2026-07-17 18:48:49.888 +02:00 [INF] Route matched with {action = "GetActive", controller = "Slides"}. Executing controller action with signature System.Threading.Tasks.Task`1[Microsoft.AspNetCore.Mvc.IActionResult] GetActive(System.Threading.CancellationToken) on controller CanvasArt.API.Controllers.SlidesController (CanvasArt.API).
2026-07-17 18:48:49.925 +02:00 [INF] Executing OkObjectResult, writing value of type 'CanvasArt.API.Models.Common.ApiResponse`1[[System.Collections.Generic.IReadOnlyList`1[[CanvasArt.API.Models.DTOs.Categories.CategoryDto, CanvasArt.API, Version=1.0.0.0, Culture=neutral, PublicKeyToken=null]], System.Private.CoreLib, Version=8.0.0.0, Culture=neutral, PublicKeyToken=7cec85d7bea7798e]]'.
2026-07-17 18:48:49.928 +02:00 [INF] Executing OkObjectResult, writing value of type 'CanvasArt.API.Models.Common.ApiResponse`1[[CanvasArt.API.Models.Common.PagedResult`1[[CanvasArt.API.Models.DTOs.Frames.FrameListItemDto, CanvasArt.API, Version=1.0.0.0, Culture=neutral, PublicKeyToken=null]], CanvasArt.API, Version=1.0.0.0, Culture=neutral, PublicKeyToken=null]]'.
2026-07-17 18:48:49.928 +02:00 [INF] Executed action CanvasArt.API.Controllers.CategoriesController.GetActive (CanvasArt.API) in 69.1172ms
2026-07-17 18:48:49.931 +02:00 [INF] Executed action CanvasArt.API.Controllers.FramesController.List (CanvasArt.API) in 70.7488ms
2026-07-17 18:48:49.933 +02:00 [INF] Executed endpoint 'CanvasArt.API.Controllers.CategoriesController.GetActive (CanvasArt.API)'
2026-07-17 18:48:49.935 +02:00 [INF] Executed endpoint 'CanvasArt.API.Controllers.FramesController.List (CanvasArt.API)'
2026-07-17 18:48:49.937 +02:00 [INF] HTTP GET /api/categories responded 200 in 95.5166 ms
2026-07-17 18:48:49.939 +02:00 [INF] HTTP GET /api/frames responded 200 in 92.5556 ms
2026-07-17 18:48:49.941 +02:00 [INF] Request finished HTTP/2 GET https://localhost:7153/api/categories - 200 null application/json; charset=utf-8 103.7461ms
2026-07-17 18:48:49.943 +02:00 [INF] Request finished HTTP/2 GET https://localhost:7153/api/frames?page=1&pageSize=4&isActive=true - 200 null application/json; charset=utf-8 114.5903ms
2026-07-17 18:48:49.955 +02:00 [INF] Executing OkObjectResult, writing value of type 'CanvasArt.API.Models.Common.ApiResponse`1[[System.Collections.Generic.IReadOnlyList`1[[CanvasArt.API.Models.DTOs.Cms.SlideDto, CanvasArt.API, Version=1.0.0.0, Culture=neutral, PublicKeyToken=null]], System.Private.CoreLib, Version=8.0.0.0, Culture=neutral, PublicKeyToken=7cec85d7bea7798e]]'.
2026-07-17 18:48:49.957 +02:00 [INF] Executed action CanvasArt.API.Controllers.SlidesController.GetActive (CanvasArt.API) in 67.8562ms
2026-07-17 18:48:49.958 +02:00 [INF] Executed endpoint 'CanvasArt.API.Controllers.SlidesController.GetActive (CanvasArt.API)'
2026-07-17 18:48:49.959 +02:00 [INF] HTTP GET /api/slides responded 200 in 88.0928 ms
2026-07-17 18:48:49.960 +02:00 [INF] Request finished HTTP/2 GET https://localhost:7153/api/slides - 200 null application/json; charset=utf-8 102.2675ms
2026-07-17 18:48:50.004 +02:00 [INF] Executing OkObjectResult, writing value of type 'CanvasArt.API.Models.Common.ApiResponse`1[[CanvasArt.API.Models.Common.PagedResult`1[[CanvasArt.API.Models.DTOs.Paintings.PaintingListItemDto, CanvasArt.API, Version=1.0.0.0, Culture=neutral, PublicKeyToken=null]], CanvasArt.API, Version=1.0.0.0, Culture=neutral, PublicKeyToken=null]]'.
2026-07-17 18:48:50.007 +02:00 [INF] Executed action CanvasArt.API.Controllers.PaintingsController.List (CanvasArt.API) in 135.2909ms
2026-07-17 18:48:50.008 +02:00 [INF] Executed endpoint 'CanvasArt.API.Controllers.PaintingsController.List (CanvasArt.API)'
2026-07-17 18:48:50.009 +02:00 [INF] HTTP GET /api/paintings responded 200 in 155.5856 ms
2026-07-17 18:48:50.009 +02:00 [INF] Request finished HTTP/2 GET https://localhost:7153/api/paintings?isFeatured=true&pageSize=8&sortBy=createdAt&sortDir=desc - 200 null application/json; charset=utf-8 179.3452ms
2026-07-17 18:48:50.020 +02:00 [INF] Request starting HTTP/2 GET https://localhost:7153/media/paintings/1/20260715172137-53ee8e996a30441b80c18d338_thumb.jpg - null null
2026-07-17 18:48:50.023 +02:00 [INF] HTTP GET /media/paintings/1/20260715172137-53ee8e996a30441b80c18d338_thumb.jpg responded 404 in 0.1680 ms
2026-07-17 18:48:50.023 +02:00 [INF] Request finished HTTP/2 GET https://localhost:7153/media/paintings/1/20260715172137-53ee8e996a30441b80c18d338_thumb.jpg - 404 0 null 3.2756ms
2026-07-17 18:48:50.025 +02:00 [INF] Request reached the end of the middleware pipeline without being handled by application code. Request path: GET https://localhost:7153/media/paintings/1/20260715172137-53ee8e996a30441b80c18d338_thumb.jpg, Response status code: 404
2026-07-17 18:49:21.228 +02:00 [INF] Request starting HTTP/2 OPTIONS https://localhost:7153/api/paintings?page=1&pageSize=12&isPublished=true&sortBy=createdAt&sortDir=desc - null null
2026-07-17 18:49:21.233 +02:00 [INF] CORS policy execution successful.
2026-07-17 18:49:21.234 +02:00 [INF] HTTP OPTIONS /api/paintings responded 204 in 1.3864 ms
2026-07-17 18:49:21.236 +02:00 [INF] Request finished HTTP/2 OPTIONS https://localhost:7153/api/paintings?page=1&pageSize=12&isPublished=true&sortBy=createdAt&sortDir=desc - 204 null null 8.0943ms
2026-07-17 18:49:21.246 +02:00 [INF] Request starting HTTP/2 GET https://localhost:7153/api/paintings?page=1&pageSize=12&isPublished=true&sortBy=createdAt&sortDir=desc - null null
2026-07-17 18:49:21.248 +02:00 [INF] CORS policy execution successful.
2026-07-17 18:49:21.250 +02:00 [INF] Executing endpoint 'CanvasArt.API.Controllers.PaintingsController.List (CanvasArt.API)'
2026-07-17 18:49:21.251 +02:00 [INF] Route matched with {action = "List", controller = "Paintings"}. Executing controller action with signature System.Threading.Tasks.Task`1[Microsoft.AspNetCore.Mvc.IActionResult] List(CanvasArt.API.Models.DTOs.Paintings.PaintingQuery, System.Threading.CancellationToken) on controller CanvasArt.API.Controllers.PaintingsController (CanvasArt.API).
2026-07-17 18:49:21.414 +02:00 [INF] Executing OkObjectResult, writing value of type 'CanvasArt.API.Models.Common.ApiResponse`1[[CanvasArt.API.Models.Common.PagedResult`1[[CanvasArt.API.Models.DTOs.Paintings.PaintingListItemDto, CanvasArt.API, Version=1.0.0.0, Culture=neutral, PublicKeyToken=null]], CanvasArt.API, Version=1.0.0.0, Culture=neutral, PublicKeyToken=null]]'.
2026-07-17 18:49:21.417 +02:00 [INF] Executed action CanvasArt.API.Controllers.PaintingsController.List (CanvasArt.API) in 165.7582ms
2026-07-17 18:49:21.418 +02:00 [INF] Executed endpoint 'CanvasArt.API.Controllers.PaintingsController.List (CanvasArt.API)'
2026-07-17 18:49:21.419 +02:00 [INF] HTTP GET /api/paintings responded 200 in 170.4184 ms
2026-07-17 18:49:21.421 +02:00 [INF] Request finished HTTP/2 GET https://localhost:7153/api/paintings?page=1&pageSize=12&isPublished=true&sortBy=createdAt&sortDir=desc - 200 null application/json; charset=utf-8 174.8184ms
2026-07-17 18:49:21.441 +02:00 [INF] Request starting HTTP/2 GET https://localhost:7153/media/paintings/1/20260715172137-53ee8e996a30441b80c18d338_thumb.jpg - null null
2026-07-17 18:49:21.463 +02:00 [INF] HTTP GET /media/paintings/1/20260715172137-53ee8e996a30441b80c18d338_thumb.jpg responded 404 in 0.1879 ms
2026-07-17 18:49:21.464 +02:00 [INF] Request finished HTTP/2 GET https://localhost:7153/media/paintings/1/20260715172137-53ee8e996a30441b80c18d338_thumb.jpg - 404 0 null 23.5133ms
2026-07-17 18:49:21.470 +02:00 [INF] Request reached the end of the middleware pipeline without being handled by application code. Request path: GET https://localhost:7153/media/paintings/1/20260715172137-53ee8e996a30441b80c18d338_thumb.jpg, Response status code: 404
2026-07-17 18:51:25.492 +02:00 [INF] CanvasArt API starting up
2026-07-17 18:51:25.518 +02:00 [DBG] Hosting starting
2026-07-17 18:51:25.531 +02:00 [INF] User profile is available. Using 'C:\Users\joker\AppData\Local\ASP.NET\DataProtection-Keys' as key repository and Windows DPAPI to encrypt keys at rest.
2026-07-17 18:51:25.569 +02:00 [INF] Now listening on: http://localhost:5080
2026-07-17 18:51:25.570 +02:00 [INF] Application started. Press Ctrl+C to shut down.
2026-07-17 18:51:25.570 +02:00 [INF] Hosting environment: Development
2026-07-17 18:51:25.570 +02:00 [INF] Content root path: D:\CanvasArt project\WebApplication1\src\CanvasArt.API
2026-07-17 18:51:25.570 +02:00 [DBG] Hosting started
2026-07-17 18:51:37.148 +02:00 [INF] Request starting HTTP/1.1 POST http://localhost:5080/api/auth/login - application/json 61
2026-07-17 18:51:37.214 +02:00 [INF] Executing endpoint 'CanvasArt.API.Controllers.AuthController.Login (CanvasArt.API)'
2026-07-17 18:51:37.243 +02:00 [INF] Route matched with {action = "Login", controller = "Auth"}. Executing controller action with signature System.Threading.Tasks.Task`1[Microsoft.AspNetCore.Mvc.IActionResult] Login(CanvasArt.API.Models.DTOs.Auth.LoginRequest, System.Threading.CancellationToken) on controller CanvasArt.API.Controllers.AuthController (CanvasArt.API).
2026-07-17 18:51:38.882 +02:00 [INF] Executing OkObjectResult, writing value of type 'CanvasArt.API.Models.Common.ApiResponse`1[[CanvasArt.API.Models.DTOs.Auth.AuthResponse, CanvasArt.API, Version=1.0.0.0, Culture=neutral, PublicKeyToken=null]]'.
2026-07-17 18:51:38.914 +02:00 [INF] Executed action CanvasArt.API.Controllers.AuthController.Login (CanvasArt.API) in 1667.2128ms
2026-07-17 18:51:38.916 +02:00 [INF] Executed endpoint 'CanvasArt.API.Controllers.AuthController.Login (CanvasArt.API)'
2026-07-17 18:51:38.917 +02:00 [INF] HTTP POST /api/auth/login responded 200 in 1738.5651 ms
2026-07-17 18:51:38.918 +02:00 [INF] Request finished HTTP/1.1 POST http://localhost:5080/api/auth/login - 200 null application/json; charset=utf-8 1771.9438ms
2026-07-17 18:51:39.036 +02:00 [INF] Request starting HTTP/1.1 POST http://localhost:5080/api/paintings/1/images - multipart/form-data; boundary=------------------------NZuDNiiN9eFD1uJ6ETsmdv 8428
2026-07-17 18:51:39.078 +02:00 [INF] Executing endpoint 'CanvasArt.API.Controllers.PaintingsController.UploadImage (CanvasArt.API)'
2026-07-17 18:51:39.082 +02:00 [INF] Route matched with {action = "UploadImage", controller = "Paintings"}. Executing controller action with signature System.Threading.Tasks.Task`1[Microsoft.AspNetCore.Mvc.IActionResult] UploadImage(Int32, Microsoft.AspNetCore.Http.IFormFile, System.Threading.CancellationToken) on controller CanvasArt.API.Controllers.PaintingsController (CanvasArt.API).
2026-07-17 18:51:42.826 +02:00 [INF] Executing ObjectResult, writing value of type 'CanvasArt.API.Models.Common.ApiResponse`1[[CanvasArt.API.Models.DTOs.Paintings.PaintingImageDto, CanvasArt.API, Version=1.0.0.0, Culture=neutral, PublicKeyToken=null]]'.
2026-07-17 18:51:42.829 +02:00 [INF] Executed action CanvasArt.API.Controllers.PaintingsController.UploadImage (CanvasArt.API) in 3746.7356ms
2026-07-17 18:51:42.830 +02:00 [INF] Executed endpoint 'CanvasArt.API.Controllers.PaintingsController.UploadImage (CanvasArt.API)'
2026-07-17 18:51:42.830 +02:00 [INF] HTTP POST /api/paintings/1/images responded 201 in 3792.5767 ms
2026-07-17 18:51:42.830 +02:00 [INF] Request finished HTTP/1.1 POST http://localhost:5080/api/paintings/1/images - 201 null application/json; charset=utf-8 3794.3804ms
2026-07-17 18:51:51.162 +02:00 [INF] Request starting HTTP/1.1 GET http://localhost:5080/uploads/thumbs/20260717165139-39a564cb26fe406e8cc319498_thumb.jpg - null null
2026-07-17 18:51:51.176 +02:00 [INF] Sending file. Request path: '/thumbs/20260717165139-39a564cb26fe406e8cc319498_thumb.jpg'. Physical path: 'D:\CanvasArt project\WebApplication1\src\CanvasArt.API\uploads\thumbs\20260717165139-39a564cb26fe406e8cc319498_thumb.jpg'
2026-07-17 18:51:51.177 +02:00 [INF] HTTP GET /uploads/thumbs/20260717165139-39a564cb26fe406e8cc319498_thumb.jpg responded 200 in 13.0373 ms
2026-07-17 18:51:51.177 +02:00 [INF] Request finished HTTP/1.1 GET http://localhost:5080/uploads/thumbs/20260717165139-39a564cb26fe406e8cc319498_thumb.jpg - 200 2514 image/jpeg 14.927ms
2026-07-17 18:51:51.222 +02:00 [INF] Request starting HTTP/1.1 GET http://localhost:5080/uploads/images/20260717165139-39a564cb26fe406e8cc319498_wm.jpg - null null
2026-07-17 18:51:51.227 +02:00 [INF] Sending file. Request path: '/images/20260717165139-39a564cb26fe406e8cc319498_wm.jpg'. Physical path: 'D:\CanvasArt project\WebApplication1\src\CanvasArt.API\uploads\images\20260717165139-39a564cb26fe406e8cc319498_wm.jpg'
2026-07-17 18:51:51.227 +02:00 [INF] HTTP GET /uploads/images/20260717165139-39a564cb26fe406e8cc319498_wm.jpg responded 200 in 5.1454 ms
2026-07-17 18:51:51.228 +02:00 [INF] Request finished HTTP/1.1 GET http://localhost:5080/uploads/images/20260717165139-39a564cb26fe406e8cc319498_wm.jpg - 200 83079 image/jpeg 5.4794ms
2026-07-17 18:51:51.315 +02:00 [INF] Request starting HTTP/1.1 POST http://localhost:5080/api/auth/login - application/json 61
2026-07-17 18:51:51.318 +02:00 [INF] Executing endpoint 'CanvasArt.API.Controllers.AuthController.Login (CanvasArt.API)'
2026-07-17 18:51:51.318 +02:00 [INF] Route matched with {action = "Login", controller = "Auth"}. Executing controller action with signature System.Threading.Tasks.Task`1[Microsoft.AspNetCore.Mvc.IActionResult] Login(CanvasArt.API.Models.DTOs.Auth.LoginRequest, System.Threading.CancellationToken) on controller CanvasArt.API.Controllers.AuthController (CanvasArt.API).
2026-07-17 18:51:52.033 +02:00 [INF] Executing OkObjectResult, writing value of type 'CanvasArt.API.Models.Common.ApiResponse`1[[CanvasArt.API.Models.DTOs.Auth.AuthResponse, CanvasArt.API, Version=1.0.0.0, Culture=neutral, PublicKeyToken=null]]'.
2026-07-17 18:51:52.033 +02:00 [INF] Executed action CanvasArt.API.Controllers.AuthController.Login (CanvasArt.API) in 714.5973ms
2026-07-17 18:51:52.033 +02:00 [INF] Executed endpoint 'CanvasArt.API.Controllers.AuthController.Login (CanvasArt.API)'
2026-07-17 18:51:52.033 +02:00 [INF] HTTP POST /api/auth/login responded 200 in 716.4792 ms
2026-07-17 18:51:52.033 +02:00 [INF] Request finished HTTP/1.1 POST http://localhost:5080/api/auth/login - 200 null application/json; charset=utf-8 717.6914ms
2026-07-17 18:51:52.110 +02:00 [INF] Request starting HTTP/1.1 DELETE http://localhost:5080/api/paintings/1/images/9 - null null
2026-07-17 18:51:52.114 +02:00 [INF] Executing endpoint 'CanvasArt.API.Controllers.PaintingsController.DeleteImage (CanvasArt.API)'
2026-07-17 18:51:52.120 +02:00 [INF] Route matched with {action = "DeleteImage", controller = "Paintings"}. Executing controller action with signature System.Threading.Tasks.Task`1[Microsoft.AspNetCore.Mvc.IActionResult] DeleteImage(Int32, Int32, System.Threading.CancellationToken) on controller CanvasArt.API.Controllers.PaintingsController (CanvasArt.API).
2026-07-17 18:51:52.746 +02:00 [INF] Executing OkObjectResult, writing value of type 'CanvasArt.API.Models.Common.ApiResponse`1[[System.Object, System.Private.CoreLib, Version=8.0.0.0, Culture=neutral, PublicKeyToken=7cec85d7bea7798e]]'.
2026-07-17 18:51:52.749 +02:00 [INF] Executed action CanvasArt.API.Controllers.PaintingsController.DeleteImage (CanvasArt.API) in 628.2041ms
2026-07-17 18:51:52.749 +02:00 [INF] Executed endpoint 'CanvasArt.API.Controllers.PaintingsController.DeleteImage (CanvasArt.API)'
2026-07-17 18:51:52.749 +02:00 [INF] HTTP DELETE /api/paintings/1/images/9 responded 200 in 638.5919 ms
2026-07-17 18:51:52.750 +02:00 [INF] Request finished HTTP/1.1 DELETE http://localhost:5080/api/paintings/1/images/9 - 200 null application/json; charset=utf-8 639.4638ms
